This is pdfTeX, Version 3.14159265-2.6-1.40.15 (TeX Live 2014) (preloaded format=pdflatex 2015.2.4)  18 MAR 2016 14:30
entering extended mode
 restricted \write18 enabled.
 %&-line parsing enabled.
**project-rough-draft.tex
(./project-rough-draft.tex
LaTeX2e <2014/05/01>
Babel <3.9l> and hyphenation patterns for 79 languages loaded.
(/usr/local/texlive/2014/texmf-dist/tex/latex/base/article.cls
Document Class: article 2014/09/29 v1.4h Standard LaTeX document class
(/usr/local/texlive/2014/texmf-dist/tex/latex/base/size11.clo
File: size11.clo 2014/09/29 v1.4h Standard LaTeX file (size option)
)
\c@part=\count79
\c@section=\count80
\c@subsection=\count81
\c@subsubsection=\count82
\c@paragraph=\count83
\c@subparagraph=\count84
\c@figure=\count85
\c@table=\count86
\abovecaptionskip=\skip41
\belowcaptionskip=\skip42
\bibindent=\dimen102
)
(./aas_macros.sty)
(/usr/local/texlive/2014/texmf-dist/tex/latex/hyperref/hyperref.sty
Package: hyperref 2012/11/06 v6.83m Hypertext links for LaTeX

(/usr/local/texlive/2014/texmf-dist/tex/generic/oberdiek/hobsub-hyperref.sty
Package: hobsub-hyperref 2012/05/28 v1.13 Bundle oberdiek, subset hyperref (HO)


(/usr/local/texlive/2014/texmf-dist/tex/generic/oberdiek/hobsub-generic.sty
Package: hobsub-generic 2012/05/28 v1.13 Bundle oberdiek, subset generic (HO)
Package: hobsub 2012/05/28 v1.13 Construct package bundles (HO)
Package: infwarerr 2010/04/08 v1.3 Providing info/warning/error messages (HO)
Package: ltxcmds 2011/11/09 v1.22 LaTeX kernel commands for general use (HO)
Package: ifluatex 2010/03/01 v1.3 Provides the ifluatex switch (HO)
Package ifluatex Info: LuaTeX not detected.
Package: ifvtex 2010/03/01 v1.5 Detect VTeX and its facilities (HO)
Package ifvtex Info: VTeX not detected.
Package: intcalc 2007/09/27 v1.1 Expandable calculations with integers (HO)
Package: ifpdf 2011/01/30 v2.3 Provides the ifpdf switch (HO)
Package ifpdf Info: pdfTeX in PDF mode is detected.
Package: etexcmds 2011/02/16 v1.5 Avoid name clashes with e-TeX commands (HO)
Package etexcmds Info: Could not find \expanded.
(etexcmds)             That can mean that you are not using pdfTeX 1.50 or
(etexcmds)             that some package has redefined \expanded.
(etexcmds)             In the latter case, load this package earlier.
Package: kvsetkeys 2012/04/25 v1.16 Key value parser (HO)
Package: kvdefinekeys 2011/04/07 v1.3 Define keys (HO)
Package: pdftexcmds 2011/11/29 v0.20 Utility functions of pdfTeX for LuaTeX (HO
)
Package pdftexcmds Info: LuaTeX not detected.
Package pdftexcmds Info: \pdf@primitive is available.
Package pdftexcmds Info: \pdf@ifprimitive is available.
Package pdftexcmds Info: \pdfdraftmode found.
Package: pdfescape 2011/11/25 v1.13 Implements pdfTeX's escape features (HO)
Package: bigintcalc 2012/04/08 v1.3 Expandable calculations on big integers (HO
)
Package: bitset 2011/01/30 v1.1 Handle bit-vector datatype (HO)
Package: uniquecounter 2011/01/30 v1.2 Provide unlimited unique counter (HO)
)
Package hobsub Info: Skipping package `hobsub' (already loaded).
Package: letltxmacro 2010/09/02 v1.4 Let assignment for LaTeX macros (HO)
Package: hopatch 2012/05/28 v1.2 Wrapper for package hooks (HO)
Package: xcolor-patch 2011/01/30 xcolor patch
Package: atveryend 2011/06/30 v1.8 Hooks at the very end of document (HO)
Package atveryend Info: \enddocument detected (standard20110627).
Package: atbegshi 2011/10/05 v1.16 At begin shipout hook (HO)
Package: refcount 2011/10/16 v3.4 Data extraction from label references (HO)
Package: hycolor 2011/01/30 v1.7 Color options for hyperref/bookmark (HO)
)
(/usr/local/texlive/2014/texmf-dist/tex/latex/graphics/keyval.sty
Package: keyval 2014/10/28 v1.15 key=value parser (DPC)
\KV@toks@=\toks14
)
(/usr/local/texlive/2014/texmf-dist/tex/generic/ifxetex/ifxetex.sty
Package: ifxetex 2010/09/12 v0.6 Provides ifxetex conditional
)
(/usr/local/texlive/2014/texmf-dist/tex/latex/oberdiek/auxhook.sty
Package: auxhook 2011/03/04 v1.3 Hooks for auxiliary files (HO)
)
(/usr/local/texlive/2014/texmf-dist/tex/latex/oberdiek/kvoptions.sty
Package: kvoptions 2011/06/30 v3.11 Key value format for package options (HO)
)
\@linkdim=\dimen103
\Hy@linkcounter=\count87
\Hy@pagecounter=\count88

(/usr/local/texlive/2014/texmf-dist/tex/latex/hyperref/pd1enc.def
File: pd1enc.def 2012/11/06 v6.83m Hyperref: PDFDocEncoding definition (HO)
)
\Hy@SavedSpaceFactor=\count89

(/usr/local/texlive/2014/texmf-dist/tex/latex/latexconfig/hyperref.cfg
File: hyperref.cfg 2002/06/06 v1.2 hyperref configuration of TeXLive
)
Package hyperref Info: Hyper figures OFF on input line 4443.
Package hyperref Info: Link nesting OFF on input line 4448.
Package hyperref Info: Hyper index ON on input line 4451.
Package hyperref Info: Plain pages OFF on input line 4458.
Package hyperref Info: Backreferencing OFF on input line 4463.
Package hyperref Info: Implicit mode ON; LaTeX internals redefined.
Package hyperref Info: Bookmarks ON on input line 4688.
\c@Hy@tempcnt=\count90

(/usr/local/texlive/2014/texmf-dist/tex/latex/url/url.sty
\Urlmuskip=\muskip10
Package: url 2013/09/16  ver 3.4  Verb mode for urls, etc.
)
LaTeX Info: Redefining \url on input line 5041.
\XeTeXLinkMargin=\dimen104
\Fld@menulength=\count91
\Field@Width=\dimen105
\Fld@charsize=\dimen106
Package hyperref Info: Hyper figures OFF on input line 6295.
Package hyperref Info: Link nesting OFF on input line 6300.
Package hyperref Info: Hyper index ON on input line 6303.
Package hyperref Info: backreferencing OFF on input line 6310.
Package hyperref Info: Link coloring OFF on input line 6315.
Package hyperref Info: Link coloring with OCG OFF on input line 6320.
Package hyperref Info: PDF/A mode OFF on input line 6325.
LaTeX Info: Redefining \ref on input line 6365.
LaTeX Info: Redefining \pageref on input line 6369.
\Hy@abspage=\count92
\c@Item=\count93
\c@Hfootnote=\count94
)

Package hyperref Message: Driver (autodetected): hpdftex.

(/usr/local/texlive/2014/texmf-dist/tex/latex/hyperref/hpdftex.def
File: hpdftex.def 2012/11/06 v6.83m Hyperref driver for pdfTeX
\Fld@listcount=\count95
\c@bookmark@seq@number=\count96

(/usr/local/texlive/2014/texmf-dist/tex/latex/oberdiek/rerunfilecheck.sty
Package: rerunfilecheck 2011/04/15 v1.7 Rerun checks for auxiliary files (HO)
Package uniquecounter Info: New unique counter `rerunfilecheck' on input line 2
82.
)
\Hy@SectionHShift=\skip43
)
(/usr/local/texlive/2014/texmf-dist/tex/latex/appendix/appendix.sty
Package: appendix 2009/09/02 v1.2b extra appendix facilities
\c@@pps=\count97
\c@@ppsavesec=\count98
\c@@ppsaveapp=\count99
)
(/usr/local/texlive/2014/texmf-dist/tex/latex/geometry/geometry.sty
Package: geometry 2010/09/12 v5.6 Page Geometry
\Gm@cnth=\count100
\Gm@cntv=\count101
\c@Gm@tempcnt=\count102
\Gm@bindingoffset=\dimen107
\Gm@wd@mp=\dimen108
\Gm@odd@mp=\dimen109
\Gm@even@mp=\dimen110
\Gm@layoutwidth=\dimen111
\Gm@layoutheight=\dimen112
\Gm@layouthoffset=\dimen113
\Gm@layoutvoffset=\dimen114
\Gm@dimlist=\toks15
)
(/usr/local/texlive/2014/texmf-dist/tex/latex/amsmath/amsmath.sty
Package: amsmath 2013/01/14 v2.14 AMS math features
\@mathmargin=\skip44

For additional information on amsmath, use the `?' option.
(/usr/local/texlive/2014/texmf-dist/tex/latex/amsmath/amstext.sty
Package: amstext 2000/06/29 v2.01

(/usr/local/texlive/2014/texmf-dist/tex/latex/amsmath/amsgen.sty
File: amsgen.sty 1999/11/30 v2.0
\@emptytoks=\toks16
\ex@=\dimen115
))
(/usr/local/texlive/2014/texmf-dist/tex/latex/amsmath/amsbsy.sty
Package: amsbsy 1999/11/29 v1.2d
\pmbraise@=\dimen116
)
(/usr/local/texlive/2014/texmf-dist/tex/latex/amsmath/amsopn.sty
Package: amsopn 1999/12/14 v2.01 operator names
)
\inf@bad=\count103
LaTeX Info: Redefining \frac on input line 210.
\uproot@=\count104
\leftroot@=\count105
LaTeX Info: Redefining \overline on input line 306.
\classnum@=\count106
\DOTSCASE@=\count107
LaTeX Info: Redefining \ldots on input line 378.
LaTeX Info: Redefining \dots on input line 381.
LaTeX Info: Redefining \cdots on input line 466.
\Mathstrutbox@=\box26
\strutbox@=\box27
\big@size=\dimen117
LaTeX Font Info:    Redeclaring font encoding OML on input line 566.
LaTeX Font Info:    Redeclaring font encoding OMS on input line 567.
\macc@depth=\count108
\c@MaxMatrixCols=\count109
\dotsspace@=\muskip11
\c@parentequation=\count110
\dspbrk@lvl=\count111
\tag@help=\toks17
\row@=\count112
\column@=\count113
\maxfields@=\count114
\andhelp@=\toks18
\eqnshift@=\dimen118
\alignsep@=\dimen119
\tagshift@=\dimen120
\tagwidth@=\dimen121
\totwidth@=\dimen122
\lineht@=\dimen123
\@envbody=\toks19
\multlinegap=\skip45
\multlinetaggap=\skip46
\mathdisplay@stack=\toks20
LaTeX Info: Redefining \[ on input line 2665.
LaTeX Info: Redefining \] on input line 2666.
)
(/usr/local/texlive/2014/texmf-dist/tex/latex/caption/caption.sty
Package: caption 2013/05/02 v3.3-89 Customizing captions (AR)

(/usr/local/texlive/2014/texmf-dist/tex/latex/caption/caption3.sty
Package: caption3 2013/05/02 v1.6-88 caption3 kernel (AR)
Package caption3 Info: TeX engine: e-TeX on input line 57.
\captionmargin=\dimen124
\captionmargin@=\dimen125
\captionwidth=\dimen126
\caption@tempdima=\dimen127
\caption@indent=\dimen128
\caption@parindent=\dimen129
\caption@hangindent=\dimen130
)
\c@ContinuedFloat=\count115
Package caption Info: hyperref package is loaded.
)
(/usr/local/texlive/2014/texmf-dist/tex/latex/mathtools/mathtools.sty
Package: mathtools 2014/07/16 v1.15 mathematical typesetting tools

(/usr/local/texlive/2014/texmf-dist/tex/latex/tools/calc.sty
Package: calc 2014/10/28 v4.3 Infix arithmetic (KKT,FJ)
\calc@Acount=\count116
\calc@Bcount=\count117
\calc@Adimen=\dimen131
\calc@Bdimen=\dimen132
\calc@Askip=\skip47
\calc@Bskip=\skip48
LaTeX Info: Redefining \setlength on input line 75.
LaTeX Info: Redefining \addtolength on input line 76.
\calc@Ccount=\count118
\calc@Cskip=\skip49
)
(/usr/local/texlive/2014/texmf-dist/tex/latex/mathtools/mhsetup.sty
Package: mhsetup 2010/01/21 v1.2a programming setup (MH)
)
LaTeX Info: Thecontrolsequence`\['isalreadyrobust on input line 129.
LaTeX Info: Thecontrolsequence`\]'isalreadyrobust on input line 129.
\g_MT_multlinerow_int=\count119
\l_MT_multwidth_dim=\dimen133
\origjot=\skip50
\l_MT_shortvdotswithinadjustabove_dim=\dimen134
\l_MT_shortvdotswithinadjustbelow_dim=\dimen135
\l_MT_above_intertext_sep=\dimen136
\l_MT_below_intertext_sep=\dimen137
\l_MT_above_shortintertext_sep=\dimen138
\l_MT_below_shortintertext_sep=\dimen139
)
(/usr/local/texlive/2014/texmf-dist/tex/latex/fancyhdr/fancyhdr.sty
\fancy@headwidth=\skip51
\f@ncyO@elh=\skip52
\f@ncyO@erh=\skip53
\f@ncyO@olh=\skip54
\f@ncyO@orh=\skip55
\f@ncyO@elf=\skip56
\f@ncyO@erf=\skip57
\f@ncyO@olf=\skip58
\f@ncyO@orf=\skip59
)
(/usr/local/texlive/2014/texmf-dist/tex/latex/float/float.sty
Package: float 2001/11/08 v1.3d Float enhancements (AL)
\c@float@type=\count120
\float@exts=\toks21
\float@box=\box28
\@float@everytoks=\toks22
\@floatcapt=\box29
)
(/usr/local/texlive/2014/texmf-dist/tex/latex/wrapfig/wrapfig.sty
\wrapoverhang=\dimen140
\WF@size=\dimen141
\c@WF@wrappedlines=\count121
\WF@box=\box30
\WF@everypar=\toks23
Package: wrapfig 2003/01/31  v 3.6
)
(/usr/local/texlive/2014/texmf-dist/tex/latex/rotating/rotating.sty
Package: rotating 2009/03/28 v2.16a rotated objects in LaTeX

(/usr/local/texlive/2014/texmf-dist/tex/latex/graphics/graphicx.sty
Package: graphicx 2014/10/28 v1.0g Enhanced LaTeX Graphics (DPC,SPQR)

(/usr/local/texlive/2014/texmf-dist/tex/latex/graphics/graphics.sty
Package: graphics 2014/10/28 v1.0p Standard LaTeX Graphics (DPC,SPQR)

(/usr/local/texlive/2014/texmf-dist/tex/latex/graphics/trig.sty
Package: trig 1999/03/16 v1.09 sin cos tan (DPC)
)
(/usr/local/texlive/2014/texmf-dist/tex/latex/latexconfig/graphics.cfg
File: graphics.cfg 2010/04/23 v1.9 graphics configuration of TeX Live
)
Package graphics Info: Driver file: pdftex.def on input line 91.

(/usr/local/texlive/2014/texmf-dist/tex/latex/pdftex-def/pdftex.def
File: pdftex.def 2011/05/27 v0.06d Graphics/color for pdfTeX
\Gread@gobject=\count122
))
\Gin@req@height=\dimen142
\Gin@req@width=\dimen143
)
(/usr/local/texlive/2014/texmf-dist/tex/latex/base/ifthen.sty
Package: ifthen 2014/09/29 v1.1c Standard LaTeX ifthen package (DPC)
)
\c@r@tfl@t=\count123
\rotFPtop=\skip60
\rotFPbot=\skip61
\rot@float@box=\box31
\rot@mess@toks=\toks24
)
(/usr/local/texlive/2014/texmf-dist/tex/latex/pdfpages/pdfpages.sty
Package: pdfpages 2013/08/25 v0.4v Insert pages of external PDF documents (AM)

(/usr/local/texlive/2014/texmf-dist/tex/latex/eso-pic/eso-pic.sty
Package: eso-pic 2013/10/06 v2.0d eso-pic (RN)

(/usr/local/texlive/2014/texmf-dist/tex/latex/xcolor/xcolor.sty
Package: xcolor 2007/01/21 v2.11 LaTeX color extensions (UK)

(/usr/local/texlive/2014/texmf-dist/tex/latex/latexconfig/color.cfg
File: color.cfg 2007/01/18 v1.5 color configuration of teTeX/TeXLive
)
Package xcolor Info: Driver file: pdftex.def on input line 225.
Package xcolor Info: Model `cmy' substituted by `cmy0' on input line 1337.
Package xcolor Info: Model `hsb' substituted by `rgb' on input line 1341.
Package xcolor Info: Model `RGB' extended on input line 1353.
Package xcolor Info: Model `HTML' substituted by `rgb' on input line 1355.
Package xcolor Info: Model `Hsb' substituted by `hsb' on input line 1356.
Package xcolor Info: Model `tHsb' substituted by `hsb' on input line 1357.
Package xcolor Info: Model `HSB' substituted by `hsb' on input line 1358.
Package xcolor Info: Model `Gray' substituted by `gray' on input line 1359.
Package xcolor Info: Model `wave' substituted by `hsb' on input line 1360.
))
(/usr/local/texlive/2014/texmf-dist/tex/latex/pdfpages/pppdftex.def
File: pppdftex.def 2013/08/25 v0.4v Pdfpages driver for pdfTeX (AM)
)
\AM@pagebox=\box32
\AM@toc@title=\toks25
\c@AM@survey=\count124
\AM@templatesizebox=\box33
)
(/usr/local/texlive/2014/texmf-dist/tex/latex/oberdiek/epstopdf.sty
Package: epstopdf 2010/02/09 v2.5 Conversion with epstopdf on the fly (HO)

(/usr/local/texlive/2014/texmf-dist/tex/latex/oberdiek/epstopdf-base.sty
Package: epstopdf-base 2010/02/09 v2.5 Base part for package epstopdf

(/usr/local/texlive/2014/texmf-dist/tex/latex/oberdiek/grfext.sty
Package: grfext 2010/08/19 v1.1 Manage graphics extensions (HO)
)
Package grfext Info: Graphics extension search list:
(grfext)             [.png,.pdf,.jpg,.mps,.jpeg,.jbig2,.jb2,.PNG,.PDF,.JPG,.JPE
G,.JBIG2,.JB2,.eps]
(grfext)             \AppendGraphicsExtensions on input line 452.

(/usr/local/texlive/2014/texmf-dist/tex/latex/latexconfig/epstopdf-sys.cfg
File: epstopdf-sys.cfg 2010/07/13 v1.3 Configuration of (r)epstopdf for TeX Liv
e
))
Package grfext Info: Graphics extension search list:
(grfext)             [.eps,.png,.pdf,.jpg,.mps,.jpeg,.jbig2,.jb2,.PNG,.PDF,.JPG
,.JPEG,.JBIG2,.JB2]
(grfext)             \PrependGraphicsExtensions on input line 150.
)
(/usr/local/texlive/2014/texmf-dist/tex/latex/natbib/natbib.sty
Package: natbib 2010/09/13 8.31b (PWD, AO)
\bibhang=\skip62
\bibsep=\skip63
LaTeX Info: Redefining \cite on input line 694.
\c@NAT@ctr=\count125
)
(./project-rough-draft.aux)
\openout1 = `project-rough-draft.aux'.

LaTeX Font Info:    Checking defaults for OML/cmm/m/it on input line 43.
LaTeX Font Info:    ... okay on input line 43.
LaTeX Font Info:    Checking defaults for T1/cmr/m/n on input line 43.
LaTeX Font Info:    ... okay on input line 43.
LaTeX Font Info:    Checking defaults for OT1/cmr/m/n on input line 43.
LaTeX Font Info:    ... okay on input line 43.
LaTeX Font Info:    Checking defaults for OMS/cmsy/m/n on input line 43.
LaTeX Font Info:    ... okay on input line 43.
LaTeX Font Info:    Checking defaults for OMX/cmex/m/n on input line 43.
LaTeX Font Info:    ... okay on input line 43.
LaTeX Font Info:    Checking defaults for U/cmr/m/n on input line 43.
LaTeX Font Info:    ... okay on input line 43.
LaTeX Font Info:    Checking defaults for PD1/pdf/m/n on input line 43.
LaTeX Font Info:    ... okay on input line 43.
\AtBeginShipoutBox=\box34
Package hyperref Info: Link coloring OFF on input line 43.

(/usr/local/texlive/2014/texmf-dist/tex/latex/hyperref/nameref.sty
Package: nameref 2012/10/27 v2.43 Cross-referencing by name of section

(/usr/local/texlive/2014/texmf-dist/tex/generic/oberdiek/gettitlestring.sty
Package: gettitlestring 2010/12/03 v1.4 Cleanup title references (HO)
)
\c@section@level=\count126
)
LaTeX Info: Redefining \ref on input line 43.
LaTeX Info: Redefining \pageref on input line 43.
LaTeX Info: Redefining \nameref on input line 43.

(./project-rough-draft.out) (./project-rough-draft.out)
\@outlinefile=\write3
\openout3 = `project-rough-draft.out'.


*geometry* driver: auto-detecting
*geometry* detected driver: pdftex
*geometry* verbose mode - [ preamble ] result:
* driver: pdftex
* paper: <default>
* layout: <same size as paper>
* layoutoffset:(h,v)=(0.0pt,0.0pt)
* modes: 
* h-part:(L,W,R)=(42.67912pt, 528.93675pt, 42.67912pt)
* v-part:(T,H,B)=(15.6491pt, 763.6718pt, 15.6491pt)
* \paperwidth=614.295pt
* \paperheight=794.96999pt
* \textwidth=528.93675pt
* \textheight=763.6718pt
* \oddsidemargin=-29.59087pt
* \evensidemargin=-29.59087pt
* \topmargin=-93.6209pt
* \headheight=12.0pt
* \headsep=25.0pt
* \topskip=11.0pt
* \footskip=30.0pt
* \marginparwidth=59.0pt
* \marginparsep=10.0pt
* \columnsep=10.0pt
* \skip\footins=10.0pt plus 4.0pt minus 2.0pt
* \hoffset=0.0pt
* \voffset=0.0pt
* \mag=1000
* \@twocolumnfalse
* \@twosidefalse
* \@mparswitchfalse
* \@reversemarginfalse
* (1in=72.27pt=25.4mm, 1cm=28.453pt)

Package caption Info: Begin \AtBeginDocument code.
Package caption Info: float package is loaded.
Package caption Info: rotating package is loaded.
Package caption Info: wrapfig package is loaded.
Package caption Info: End \AtBeginDocument code.
(/usr/local/texlive/2014/texmf-dist/tex/context/base/supp-pdf.mkii
[Loading MPS to PDF converter (version 2006.09.02).]
\scratchcounter=\count127
\scratchdimen=\dimen144
\scratchbox=\box35
\nofMPsegments=\count128
\nofMParguments=\count129
\everyMPshowfont=\toks26
\MPscratchCnt=\count130
\MPscratchDim=\dimen145
\MPnumerator=\count131
\makeMPintoPDFobject=\count132
\everyMPtoPDFconversion=\toks27
) [1

{/usr/local/texlive/2014/texmf-var/fonts/map/pdftex/updmap/pdftex.map}]
[2] <29-Mar-14-HMI-Sunquake-Context-Plot.pdf, id=85, 524.96124pt x 236.885pt>
File: 29-Mar-14-HMI-Sunquake-Context-Plot.pdf Graphic file (type pdf)

<use 29-Mar-14-HMI-Sunquake-Context-Plot.pdf>
Package pdftex.def Info: 29-Mar-14-HMI-Sunquake-Context-Plot.pdf used on input 
line 142.
(pdftex.def)             Requested size: 423.151pt x 190.95045pt.
 [3 <./29-Mar-14-HMI-Sunquake-Context-Plot.pdf>]

LaTeX Warning: Reference `pnth1' on page 4 undefined on input line 168.


Underfull \hbox (badness 10000) in paragraph at lines 174--175

 []

[4] <rhessi-energy-curve.png, id=133, 455.5419pt x 593.0958pt>
File: rhessi-energy-curve.png Graphic file (type png)

<use rhessi-energy-curve.png>
Package pdftex.def Info: rhessi-energy-curve.png used on input line 193.
(pdftex.def)             Requested size: 317.36526pt x 413.2004pt.


LaTeX Warning: Reference `sunprog' on page 5 undefined on input line 200.

[5 <./rhessi-energy-curve.png>]
<29-Mar-14-Flux-Ladder.pdf, id=150, 632.04932pt x 818.80305pt>
File: 29-Mar-14-Flux-Ladder.pdf Graphic file (type pdf)

<use 29-Mar-14-Flux-Ladder.pdf>
Package pdftex.def Info: 29-Mar-14-Flux-Ladder.pdf used on input line 208.
(pdftex.def)             Requested size: 317.36526pt x 411.13718pt.

<29-Mar-14-Flux-Ladder-Balm-HMI-Only.pdf, id=153, 449.68pt x 325.215pt>
File: 29-Mar-14-Flux-Ladder-Balm-HMI-Only.pdf Graphic file (type pdf)

<use 29-Mar-14-Flux-Ladder-Balm-HMI-Only.pdf>
Package pdftex.def Info: 29-Mar-14-Flux-Ladder-Balm-HMI-Only.pdf used on input 
line 218.
(pdftex.def)             Requested size: 317.36526pt x 229.53464pt.
 [6 <./29-Mar-14-Flux-Ladder.pdf>]

LaTeX Warning: Reference `wlf' on page 7 undefined on input line 242.

[7 <./29-Mar-14-Flux-Ladder-Balm-HMI-Only.pdf>]
<29-Mar-14-A_sqk-Power-Ladder-Balm-HMI-Only.pdf, id=215, 449.68pt x 325.215pt>
File: 29-Mar-14-A_sqk-Power-Ladder-Balm-HMI-Only.pdf Graphic file (type pdf)

<use 29-Mar-14-A_sqk-Power-Ladder-Balm-HMI-Only.pdf>
Package pdftex.def Info: 29-Mar-14-A_sqk-Power-Ladder-Balm-HMI-Only.pdf used on
 input line 254.
(pdftex.def)             Requested size: 317.36526pt x 229.53464pt.

Overfull \hbox (24.94328pt too wide) in paragraph at lines 265--275
 [][] 
 []

(./project-rough-draft.bbl [8 <./29-Mar-14-A_sqk-Power-Ladder-Balm-HMI-Only.pdf
>])
Package atveryend Info: Empty hook `BeforeClearDocument' on input line 290.
 [9]
Package atveryend Info: Empty hook `AfterLastShipout' on input line 290.
 (./project-rough-draft.aux)
Package atveryend Info: Executing hook `AtVeryEndDocument' on input line 290.
Package atveryend Info: Executing hook `AtEndAfterFileList' on input line 290.
Package rerunfilecheck Info: File `project-rough-draft.out' has not changed.
(rerunfilecheck)             Checksum: DCEA62912D02A65892D83B8356588995;735.


LaTeX Warning: There were undefined references.

Package atveryend Info: Empty hook `AtVeryVeryEnd' on input line 290.
 ) 
Here is how much of TeX's memory you used:
 9590 strings out of 493109
 143488 string characters out of 6135011
 258801 words of memory out of 5000000
 12901 multiletter control sequences out of 15000+600000
 9085 words of font info for 33 fonts, out of 8000000 for 9000
 1141 hyphenation exceptions out of 8191
 37i,10n,43p,2427b,439s stack positions out of 5000i,500n,10000p,200000b,80000s
</usr/local/texlive/2014/texmf-dist/fonts/type1/public/amsfonts/cm/cmbx10.pfb
></usr/local/texlive/2014/texmf-dist/fonts/type1/public/amsfonts/cm/cmbx12.pfb>
</usr/local/texlive/2014/texmf-dist/fonts/type1/public/amsfonts/cm/cmex10.pfb><
/usr/local/texlive/2014/texmf-dist/fonts/type1/public/amsfonts/cm/cmmi10.pfb></
usr/local/texlive/2014/texmf-dist/fonts/type1/public/amsfonts/cm/cmmi6.pfb></us
r/local/texlive/2014/texmf-dist/fonts/type1/public/amsfonts/cm/cmmi8.pfb></usr/
local/texlive/2014/texmf-dist/fonts/type1/public/amsfonts/cm/cmr10.pfb></usr/lo
cal/texlive/2014/texmf-dist/fonts/type1/public/amsfonts/cm/cmr8.pfb></usr/local
/texlive/2014/texmf-dist/fonts/type1/public/amsfonts/cm/cmsy10.pfb></usr/local/
texlive/2014/texmf-dist/fonts/type1/public/amsfonts/cm/cmsy8.pfb></usr/local/te
xlive/2014/texmf-dist/fonts/type1/public/amsfonts/cm/cmti10.pfb></usr/local/tex
live/2014/texmf-dist/fonts/type1/public/amsfonts/cm/cmtt10.pfb>
Output written on project-rough-draft.pdf (9 pages, 454652 bytes).
PDF statistics:
 303 PDF objects out of 1000 (max. 8388607)
 246 compressed objects within 3 object streams
 50 named destinations out of 1000 (max. 500000)
 98 words of extra memory for PDF output out of 10000 (max. 10000000)

