\BOOKMARK [1][-]{section.1}{Introduction}{}% 1
\BOOKMARK [2][-]{subsection.1.1}{Eruptive Solar Flares}{section.1}% 2
\BOOKMARK [3][-]{subsubsection.1.1.1}{Standard Eruptive Flare Model}{subsection.1.1}% 3
\BOOKMARK [3][-]{subsubsection.1.1.2}{Solar Atmosphere}{subsection.1.1}% 4
\BOOKMARK [3][-]{subsubsection.1.1.3}{Energy Transfer}{subsection.1.1}% 5
\BOOKMARK [3][-]{subsubsection.1.1.4}{Thick Target Model}{subsection.1.1}% 6
\BOOKMARK [3][-]{subsubsection.1.1.5}{Hydrodynamic Response}{subsection.1.1}% 7
\BOOKMARK [3][-]{subsubsection.1.1.6}{White Light Flares}{subsection.1.1}% 8
\BOOKMARK [2][-]{subsection.1.2}{Sunquakes}{section.1}% 9
\BOOKMARK [3][-]{subsubsection.1.2.1}{Sunquake Generation}{subsection.1.2}% 10
\BOOKMARK [3][-]{subsubsection.1.2.2}{Local Helioseismology}{subsection.1.2}% 11
\BOOKMARK [3][-]{subsubsection.1.2.3}{Sunquake Literature Review}{subsection.1.2}% 12
\BOOKMARK [1][-]{section.2}{Data and Methodology}{}% 13
\BOOKMARK [2][-]{subsection.2.1}{Observations and Data Reduction}{section.2}% 14
\BOOKMARK [3][-]{subsubsection.2.1.1}{The Ramaty High Energy Solar Spectroscopic Imager}{subsection.2.1}% 15
\BOOKMARK [3][-]{subsubsection.2.1.2}{The Interface Region Imaging Spectrograph}{subsection.2.1}% 16
\BOOKMARK [3][-]{subsubsection.2.1.3}{The Solar Dynamics Observatory's Helioseimic and Magnetic Imager}{subsection.2.1}% 17
\BOOKMARK [2][-]{subsection.2.2}{Data Sampling}{section.2}% 18
\BOOKMARK [1][-]{section.3}{Results and Discussion}{}% 19
\BOOKMARK [2][-]{subsection.3.1}{RHESSI Hard X-rays}{section.3}% 20
\BOOKMARK [2][-]{subsection.3.2}{Emission Captured By IRIS and HMI}{section.3}% 21
\BOOKMARK [1][-]{section.4}{Interpretation and Discussion}{}% 22
\BOOKMARK [2][-]{subsection.4.1}{Sunquake Impact Momentum}{section.4}% 23
\BOOKMARK [2][-]{subsection.4.2}{Particle Beam}{section.4}% 24
\BOOKMARK [2][-]{subsection.4.3}{Radiative Backwarming}{section.4}% 25
\BOOKMARK [1][-]{section.5}{Conclusions and Thesis Plan}{}% 26
\BOOKMARK [2][-]{subsection.5.1}{Thesis Plan}{section.5}% 27
\BOOKMARK [1][-]{section*.20}{Appendices}{}% 28
\BOOKMARK [2][-]{subsection.Alph0.1}{Solar Magnetohydrodynamics}{section*.20}% 29
\BOOKMARK [2][-]{subsection.Alph0.2}{Induction Equation and the Magnetic Reynolds Number}{section*.20}% 30
\BOOKMARK [2][-]{subsection.Alph0.3}{Plasma Beta}{section*.20}% 31
\BOOKMARK [2][-]{subsection.Alph0.4}{Pressure Scale Height}{section*.20}% 32
\BOOKMARK [2][-]{subsection.Alph0.5}{Flux Tubes}{section*.20}% 33
\BOOKMARK [2][-]{subsection.Alph0.6}{Sunquake Power-Momentum Relationship}{section*.20}% 34
