This is pdfTeX, Version 3.14159265-2.6-1.40.15 (TeX Live 2014) (preloaded format=pdflatex 2015.2.4)  31 OCT 2015 00:03
entering extended mode
 restricted \write18 enabled.
 %&-line parsing enabled.
**upgrade-report.tex
(./upgrade-report.tex
LaTeX2e <2014/05/01>
Babel <3.9l> and hyphenation patterns for 79 languages loaded.
(/usr/local/texlive/2014/texmf-dist/tex/latex/base/article.cls
Document Class: article 2014/09/29 v1.4h Standard LaTeX document class
(/usr/local/texlive/2014/texmf-dist/tex/latex/base/size11.clo
File: size11.clo 2014/09/29 v1.4h Standard LaTeX file (size option)
)
\c@part=\count79
\c@section=\count80
\c@subsection=\count81
\c@subsubsection=\count82
\c@paragraph=\count83
\c@subparagraph=\count84
\c@figure=\count85
\c@table=\count86
\abovecaptionskip=\skip41
\belowcaptionskip=\skip42
\bibindent=\dimen102
)
(./aas_macros.sty)
(/usr/local/texlive/2014/texmf-dist/tex/latex/hyperref/hyperref.sty
Package: hyperref 2012/11/06 v6.83m Hypertext links for LaTeX

(/usr/local/texlive/2014/texmf-dist/tex/generic/oberdiek/hobsub-hyperref.sty
Package: hobsub-hyperref 2012/05/28 v1.13 Bundle oberdiek, subset hyperref (HO)


(/usr/local/texlive/2014/texmf-dist/tex/generic/oberdiek/hobsub-generic.sty
Package: hobsub-generic 2012/05/28 v1.13 Bundle oberdiek, subset generic (HO)
Package: hobsub 2012/05/28 v1.13 Construct package bundles (HO)
Package: infwarerr 2010/04/08 v1.3 Providing info/warning/error messages (HO)
Package: ltxcmds 2011/11/09 v1.22 LaTeX kernel commands for general use (HO)
Package: ifluatex 2010/03/01 v1.3 Provides the ifluatex switch (HO)
Package ifluatex Info: LuaTeX not detected.
Package: ifvtex 2010/03/01 v1.5 Detect VTeX and its facilities (HO)
Package ifvtex Info: VTeX not detected.
Package: intcalc 2007/09/27 v1.1 Expandable calculations with integers (HO)
Package: ifpdf 2011/01/30 v2.3 Provides the ifpdf switch (HO)
Package ifpdf Info: pdfTeX in PDF mode is detected.
Package: etexcmds 2011/02/16 v1.5 Avoid name clashes with e-TeX commands (HO)
Package etexcmds Info: Could not find \expanded.
(etexcmds)             That can mean that you are not using pdfTeX 1.50 or
(etexcmds)             that some package has redefined \expanded.
(etexcmds)             In the latter case, load this package earlier.
Package: kvsetkeys 2012/04/25 v1.16 Key value parser (HO)
Package: kvdefinekeys 2011/04/07 v1.3 Define keys (HO)
Package: pdftexcmds 2011/11/29 v0.20 Utility functions of pdfTeX for LuaTeX (HO
)
Package pdftexcmds Info: LuaTeX not detected.
Package pdftexcmds Info: \pdf@primitive is available.
Package pdftexcmds Info: \pdf@ifprimitive is available.
Package pdftexcmds Info: \pdfdraftmode found.
Package: pdfescape 2011/11/25 v1.13 Implements pdfTeX's escape features (HO)
Package: bigintcalc 2012/04/08 v1.3 Expandable calculations on big integers (HO
)
Package: bitset 2011/01/30 v1.1 Handle bit-vector datatype (HO)
Package: uniquecounter 2011/01/30 v1.2 Provide unlimited unique counter (HO)
)
Package hobsub Info: Skipping package `hobsub' (already loaded).
Package: letltxmacro 2010/09/02 v1.4 Let assignment for LaTeX macros (HO)
Package: hopatch 2012/05/28 v1.2 Wrapper for package hooks (HO)
Package: xcolor-patch 2011/01/30 xcolor patch
Package: atveryend 2011/06/30 v1.8 Hooks at the very end of document (HO)
Package atveryend Info: \enddocument detected (standard20110627).
Package: atbegshi 2011/10/05 v1.16 At begin shipout hook (HO)
Package: refcount 2011/10/16 v3.4 Data extraction from label references (HO)
Package: hycolor 2011/01/30 v1.7 Color options for hyperref/bookmark (HO)
)
(/usr/local/texlive/2014/texmf-dist/tex/latex/graphics/keyval.sty
Package: keyval 2014/10/28 v1.15 key=value parser (DPC)
\KV@toks@=\toks14
)
(/usr/local/texlive/2014/texmf-dist/tex/generic/ifxetex/ifxetex.sty
Package: ifxetex 2010/09/12 v0.6 Provides ifxetex conditional
)
(/usr/local/texlive/2014/texmf-dist/tex/latex/oberdiek/auxhook.sty
Package: auxhook 2011/03/04 v1.3 Hooks for auxiliary files (HO)
)
(/usr/local/texlive/2014/texmf-dist/tex/latex/oberdiek/kvoptions.sty
Package: kvoptions 2011/06/30 v3.11 Key value format for package options (HO)
)
\@linkdim=\dimen103
\Hy@linkcounter=\count87
\Hy@pagecounter=\count88

(/usr/local/texlive/2014/texmf-dist/tex/latex/hyperref/pd1enc.def
File: pd1enc.def 2012/11/06 v6.83m Hyperref: PDFDocEncoding definition (HO)
)
\Hy@SavedSpaceFactor=\count89

(/usr/local/texlive/2014/texmf-dist/tex/latex/latexconfig/hyperref.cfg
File: hyperref.cfg 2002/06/06 v1.2 hyperref configuration of TeXLive
)
Package hyperref Info: Hyper figures OFF on input line 4443.
Package hyperref Info: Link nesting OFF on input line 4448.
Package hyperref Info: Hyper index ON on input line 4451.
Package hyperref Info: Plain pages OFF on input line 4458.
Package hyperref Info: Backreferencing OFF on input line 4463.
Package hyperref Info: Implicit mode ON; LaTeX internals redefined.
Package hyperref Info: Bookmarks ON on input line 4688.
\c@Hy@tempcnt=\count90

(/usr/local/texlive/2014/texmf-dist/tex/latex/url/url.sty
\Urlmuskip=\muskip10
Package: url 2013/09/16  ver 3.4  Verb mode for urls, etc.
)
LaTeX Info: Redefining \url on input line 5041.
\XeTeXLinkMargin=\dimen104
\Fld@menulength=\count91
\Field@Width=\dimen105
\Fld@charsize=\dimen106
Package hyperref Info: Hyper figures OFF on input line 6295.
Package hyperref Info: Link nesting OFF on input line 6300.
Package hyperref Info: Hyper index ON on input line 6303.
Package hyperref Info: backreferencing OFF on input line 6310.
Package hyperref Info: Link coloring OFF on input line 6315.
Package hyperref Info: Link coloring with OCG OFF on input line 6320.
Package hyperref Info: PDF/A mode OFF on input line 6325.
LaTeX Info: Redefining \ref on input line 6365.
LaTeX Info: Redefining \pageref on input line 6369.
\Hy@abspage=\count92
\c@Item=\count93
\c@Hfootnote=\count94
)

Package hyperref Message: Driver (autodetected): hpdftex.

(/usr/local/texlive/2014/texmf-dist/tex/latex/hyperref/hpdftex.def
File: hpdftex.def 2012/11/06 v6.83m Hyperref driver for pdfTeX
\Fld@listcount=\count95
\c@bookmark@seq@number=\count96

(/usr/local/texlive/2014/texmf-dist/tex/latex/oberdiek/rerunfilecheck.sty
Package: rerunfilecheck 2011/04/15 v1.7 Rerun checks for auxiliary files (HO)
Package uniquecounter Info: New unique counter `rerunfilecheck' on input line 2
82.
)
\Hy@SectionHShift=\skip43
)
(/usr/local/texlive/2014/texmf-dist/tex/latex/appendix/appendix.sty
Package: appendix 2009/09/02 v1.2b extra appendix facilities
\c@@pps=\count97
\c@@ppsavesec=\count98
\c@@ppsaveapp=\count99
)
(/usr/local/texlive/2014/texmf-dist/tex/latex/geometry/geometry.sty
Package: geometry 2010/09/12 v5.6 Page Geometry
\Gm@cnth=\count100
\Gm@cntv=\count101
\c@Gm@tempcnt=\count102
\Gm@bindingoffset=\dimen107
\Gm@wd@mp=\dimen108
\Gm@odd@mp=\dimen109
\Gm@even@mp=\dimen110
\Gm@layoutwidth=\dimen111
\Gm@layoutheight=\dimen112
\Gm@layouthoffset=\dimen113
\Gm@layoutvoffset=\dimen114
\Gm@dimlist=\toks15
)
(/usr/local/texlive/2014/texmf-dist/tex/latex/amsmath/amsmath.sty
Package: amsmath 2013/01/14 v2.14 AMS math features
\@mathmargin=\skip44

For additional information on amsmath, use the `?' option.
(/usr/local/texlive/2014/texmf-dist/tex/latex/amsmath/amstext.sty
Package: amstext 2000/06/29 v2.01

(/usr/local/texlive/2014/texmf-dist/tex/latex/amsmath/amsgen.sty
File: amsgen.sty 1999/11/30 v2.0
\@emptytoks=\toks16
\ex@=\dimen115
))
(/usr/local/texlive/2014/texmf-dist/tex/latex/amsmath/amsbsy.sty
Package: amsbsy 1999/11/29 v1.2d
\pmbraise@=\dimen116
)
(/usr/local/texlive/2014/texmf-dist/tex/latex/amsmath/amsopn.sty
Package: amsopn 1999/12/14 v2.01 operator names
)
\inf@bad=\count103
LaTeX Info: Redefining \frac on input line 210.
\uproot@=\count104
\leftroot@=\count105
LaTeX Info: Redefining \overline on input line 306.
\classnum@=\count106
\DOTSCASE@=\count107
LaTeX Info: Redefining \ldots on input line 378.
LaTeX Info: Redefining \dots on input line 381.
LaTeX Info: Redefining \cdots on input line 466.
\Mathstrutbox@=\box26
\strutbox@=\box27
\big@size=\dimen117
LaTeX Font Info:    Redeclaring font encoding OML on input line 566.
LaTeX Font Info:    Redeclaring font encoding OMS on input line 567.
\macc@depth=\count108
\c@MaxMatrixCols=\count109
\dotsspace@=\muskip11
\c@parentequation=\count110
\dspbrk@lvl=\count111
\tag@help=\toks17
\row@=\count112
\column@=\count113
\maxfields@=\count114
\andhelp@=\toks18
\eqnshift@=\dimen118
\alignsep@=\dimen119
\tagshift@=\dimen120
\tagwidth@=\dimen121
\totwidth@=\dimen122
\lineht@=\dimen123
\@envbody=\toks19
\multlinegap=\skip45
\multlinetaggap=\skip46
\mathdisplay@stack=\toks20
LaTeX Info: Redefining \[ on input line 2665.
LaTeX Info: Redefining \] on input line 2666.
)
(/usr/local/texlive/2014/texmf-dist/tex/latex/caption/caption.sty
Package: caption 2013/05/02 v3.3-89 Customizing captions (AR)

(/usr/local/texlive/2014/texmf-dist/tex/latex/caption/caption3.sty
Package: caption3 2013/05/02 v1.6-88 caption3 kernel (AR)
Package caption3 Info: TeX engine: e-TeX on input line 57.
\captionmargin=\dimen124
\captionmargin@=\dimen125
\captionwidth=\dimen126
\caption@tempdima=\dimen127
\caption@indent=\dimen128
\caption@parindent=\dimen129
\caption@hangindent=\dimen130
)
\c@ContinuedFloat=\count115
Package caption Info: hyperref package is loaded.
)
(/usr/local/texlive/2014/texmf-dist/tex/latex/mathtools/mathtools.sty
Package: mathtools 2014/07/16 v1.15 mathematical typesetting tools

(/usr/local/texlive/2014/texmf-dist/tex/latex/tools/calc.sty
Package: calc 2014/10/28 v4.3 Infix arithmetic (KKT,FJ)
\calc@Acount=\count116
\calc@Bcount=\count117
\calc@Adimen=\dimen131
\calc@Bdimen=\dimen132
\calc@Askip=\skip47
\calc@Bskip=\skip48
LaTeX Info: Redefining \setlength on input line 75.
LaTeX Info: Redefining \addtolength on input line 76.
\calc@Ccount=\count118
\calc@Cskip=\skip49
)
(/usr/local/texlive/2014/texmf-dist/tex/latex/mathtools/mhsetup.sty
Package: mhsetup 2010/01/21 v1.2a programming setup (MH)
)
LaTeX Info: Thecontrolsequence`\['isalreadyrobust on input line 129.
LaTeX Info: Thecontrolsequence`\]'isalreadyrobust on input line 129.
\g_MT_multlinerow_int=\count119
\l_MT_multwidth_dim=\dimen133
\origjot=\skip50
\l_MT_shortvdotswithinadjustabove_dim=\dimen134
\l_MT_shortvdotswithinadjustbelow_dim=\dimen135
\l_MT_above_intertext_sep=\dimen136
\l_MT_below_intertext_sep=\dimen137
\l_MT_above_shortintertext_sep=\dimen138
\l_MT_below_shortintertext_sep=\dimen139
)
(/usr/local/texlive/2014/texmf-dist/tex/latex/fancyhdr/fancyhdr.sty
\fancy@headwidth=\skip51
\f@ncyO@elh=\skip52
\f@ncyO@erh=\skip53
\f@ncyO@olh=\skip54
\f@ncyO@orh=\skip55
\f@ncyO@elf=\skip56
\f@ncyO@erf=\skip57
\f@ncyO@olf=\skip58
\f@ncyO@orf=\skip59
)
(/usr/local/texlive/2014/texmf-dist/tex/latex/float/float.sty
Package: float 2001/11/08 v1.3d Float enhancements (AL)
\c@float@type=\count120
\float@exts=\toks21
\float@box=\box28
\@float@everytoks=\toks22
\@floatcapt=\box29
)
(/usr/local/texlive/2014/texmf-dist/tex/latex/wrapfig/wrapfig.sty
\wrapoverhang=\dimen140
\WF@size=\dimen141
\c@WF@wrappedlines=\count121
\WF@box=\box30
\WF@everypar=\toks23
Package: wrapfig 2003/01/31  v 3.6
)
(/usr/local/texlive/2014/texmf-dist/tex/latex/rotating/rotating.sty
Package: rotating 2009/03/28 v2.16a rotated objects in LaTeX

(/usr/local/texlive/2014/texmf-dist/tex/latex/graphics/graphicx.sty
Package: graphicx 2014/10/28 v1.0g Enhanced LaTeX Graphics (DPC,SPQR)

(/usr/local/texlive/2014/texmf-dist/tex/latex/graphics/graphics.sty
Package: graphics 2014/10/28 v1.0p Standard LaTeX Graphics (DPC,SPQR)

(/usr/local/texlive/2014/texmf-dist/tex/latex/graphics/trig.sty
Package: trig 1999/03/16 v1.09 sin cos tan (DPC)
)
(/usr/local/texlive/2014/texmf-dist/tex/latex/latexconfig/graphics.cfg
File: graphics.cfg 2010/04/23 v1.9 graphics configuration of TeX Live
)
Package graphics Info: Driver file: pdftex.def on input line 91.

(/usr/local/texlive/2014/texmf-dist/tex/latex/pdftex-def/pdftex.def
File: pdftex.def 2011/05/27 v0.06d Graphics/color for pdfTeX
\Gread@gobject=\count122
))
\Gin@req@height=\dimen142
\Gin@req@width=\dimen143
)
(/usr/local/texlive/2014/texmf-dist/tex/latex/base/ifthen.sty
Package: ifthen 2014/09/29 v1.1c Standard LaTeX ifthen package (DPC)
)
\c@r@tfl@t=\count123
\rotFPtop=\skip60
\rotFPbot=\skip61
\rot@float@box=\box31
\rot@mess@toks=\toks24
)
(/usr/local/texlive/2014/texmf-dist/tex/latex/oberdiek/epstopdf.sty
Package: epstopdf 2010/02/09 v2.5 Conversion with epstopdf on the fly (HO)

(/usr/local/texlive/2014/texmf-dist/tex/latex/oberdiek/epstopdf-base.sty
Package: epstopdf-base 2010/02/09 v2.5 Base part for package epstopdf

(/usr/local/texlive/2014/texmf-dist/tex/latex/oberdiek/grfext.sty
Package: grfext 2010/08/19 v1.1 Manage graphics extensions (HO)
)
Package grfext Info: Graphics extension search list:
(grfext)             [.png,.pdf,.jpg,.mps,.jpeg,.jbig2,.jb2,.PNG,.PDF,.JPG,.JPE
G,.JBIG2,.JB2,.eps]
(grfext)             \AppendGraphicsExtensions on input line 452.

(/usr/local/texlive/2014/texmf-dist/tex/latex/latexconfig/epstopdf-sys.cfg
File: epstopdf-sys.cfg 2010/07/13 v1.3 Configuration of (r)epstopdf for TeX Liv
e
))
Package grfext Info: Graphics extension search list:
(grfext)             [.eps,.png,.pdf,.jpg,.mps,.jpeg,.jbig2,.jb2,.PNG,.PDF,.JPG
,.JPEG,.JBIG2,.JB2]
(grfext)             \PrependGraphicsExtensions on input line 150.
)
(/usr/local/texlive/2014/texmf-dist/tex/latex/natbib/natbib.sty
Package: natbib 2010/09/13 8.31b (PWD, AO)
\bibhang=\skip62
\bibsep=\skip63
LaTeX Info: Redefining \cite on input line 694.
\c@NAT@ctr=\count124
)
(./upgrade-report.aux (./sunquakes-intro.aux) (./projectupgrd.aux)
(./appendix.aux

LaTeX Warning: Label `eqk' multiply defined.

))
\openout1 = `upgrade-report.aux'.

LaTeX Font Info:    Checking defaults for OML/cmm/m/it on input line 35.
LaTeX Font Info:    ... okay on input line 35.
LaTeX Font Info:    Checking defaults for T1/cmr/m/n on input line 35.
LaTeX Font Info:    ... okay on input line 35.
LaTeX Font Info:    Checking defaults for OT1/cmr/m/n on input line 35.
LaTeX Font Info:    ... okay on input line 35.
LaTeX Font Info:    Checking defaults for OMS/cmsy/m/n on input line 35.
LaTeX Font Info:    ... okay on input line 35.
LaTeX Font Info:    Checking defaults for OMX/cmex/m/n on input line 35.
LaTeX Font Info:    ... okay on input line 35.
LaTeX Font Info:    Checking defaults for U/cmr/m/n on input line 35.
LaTeX Font Info:    ... okay on input line 35.
LaTeX Font Info:    Checking defaults for PD1/pdf/m/n on input line 35.
LaTeX Font Info:    ... okay on input line 35.
\AtBeginShipoutBox=\box32
Package hyperref Info: Link coloring OFF on input line 35.
 (/usr/local/texlive/2014/texmf-dist/tex/latex/hyperref/nameref.sty
Package: nameref 2012/10/27 v2.43 Cross-referencing by name of section

(/usr/local/texlive/2014/texmf-dist/tex/generic/oberdiek/gettitlestring.sty
Package: gettitlestring 2010/12/03 v1.4 Cleanup title references (HO)
)
\c@section@level=\count125
)
LaTeX Info: Redefining \ref on input line 35.
LaTeX Info: Redefining \pageref on input line 35.
LaTeX Info: Redefining \nameref on input line 35.

(./upgrade-report.out) (./upgrade-report.out)
\@outlinefile=\write3
\openout3 = `upgrade-report.out'.


*geometry* driver: auto-detecting
*geometry* detected driver: pdftex
*geometry* verbose mode - [ preamble ] result:
* driver: pdftex
* paper: <default>
* layout: <same size as paper>
* layoutoffset:(h,v)=(0.0pt,0.0pt)
* modes: 
* h-part:(L,W,R)=(42.67912pt, 528.93675pt, 42.67912pt)
* v-part:(T,H,B)=(15.6491pt, 763.6718pt, 15.6491pt)
* \paperwidth=614.295pt
* \paperheight=794.96999pt
* \textwidth=528.93675pt
* \textheight=763.6718pt
* \oddsidemargin=-29.59087pt
* \evensidemargin=-29.59087pt
* \topmargin=-93.6209pt
* \headheight=12.0pt
* \headsep=25.0pt
* \topskip=11.0pt
* \footskip=30.0pt
* \marginparwidth=59.0pt
* \marginparsep=10.0pt
* \columnsep=10.0pt
* \skip\footins=10.0pt plus 4.0pt minus 2.0pt
* \hoffset=0.0pt
* \voffset=0.0pt
* \mag=1000
* \@twocolumnfalse
* \@twosidefalse
* \@mparswitchfalse
* \@reversemarginfalse
* (1in=72.27pt=25.4mm, 1cm=28.453pt)

Package caption Info: Begin \AtBeginDocument code.
Package caption Info: float package is loaded.
Package caption Info: rotating package is loaded.
Package caption Info: wrapfig package is loaded.
Package caption Info: End \AtBeginDocument code.
(/usr/local/texlive/2014/texmf-dist/tex/context/base/supp-pdf.mkii
[Loading MPS to PDF converter (version 2006.09.02).]
\scratchcounter=\count126
\scratchdimen=\dimen144
\scratchbox=\box33
\nofMPsegments=\count127
\nofMParguments=\count128
\everyMPshowfont=\toks25
\MPscratchCnt=\count129
\MPscratchDim=\dimen145
\MPnumerator=\count130
\makeMPintoPDFobject=\count131
\everyMPtoPDFconversion=\toks26
) (./upgrade-report.toc)
\tf@toc=\write4
\openout4 = `upgrade-report.toc'.

 [1

{/usr/local/texlive/2014/texmf-var/fonts/map/pdftex/updmap/pdftex.map}]
\openout2 = `sunquakes-intro.aux'.

 (./sunquakes-intro.tex
<sunquake-cartoon.png, id=120, 877.679pt x 454.498pt>
File: sunquake-cartoon.png Graphic file (type png)

<use sunquake-cartoon.png>
Package pdftex.def Info: sunquake-cartoon.png used on input line 16.
(pdftex.def)             Requested size: 523.65028pt x 271.18211pt.
 [2

 <./sunquake-cartoon.png>]
<soho-mdi-quake-96.jpg, id=147, 49.3845pt x 46.37325pt>
File: soho-mdi-quake-96.jpg Graphic file (type jpg)

<use soho-mdi-quake-96.jpg>
Package pdftex.def Info: soho-mdi-quake-96.jpg used on input line 28.
(pdftex.def)             Requested size: 423.151pt x 397.42436pt.
 [3 <./soho-mdi-quake-96.jpg>]
Underfull \hbox (badness 10000) in paragraph at lines 45--46

 []

LaTeX Font Info:    Try loading font information for OMS+cmr on input line 48.
(/usr/local/texlive/2014/texmf-dist/tex/latex/base/omscmr.fd
File: omscmr.fd 2014/09/29 v2.5h Standard LaTeX font definitions
)
LaTeX Font Info:    Font shape `OMS/cmr/m/n' in size <10.95> not available
(Font)              Font shape `OMS/cmsy/m/n' tried instead on input line 48.

Underfull \hbox (badness 10000) in paragraph at lines 48--49

 []


Underfull \hbox (badness 10000) in paragraph at lines 50--52

 []

[4]
Underfull \hbox (badness 10000) in paragraph at lines 53--54

 []


Underfull \hbox (badness 10000) in paragraph at lines 55--56

 []


Underfull \hbox (badness 10000) in paragraph at lines 62--63

 []

[5] <flare.png, id=242, 387.046pt x 356.532pt>
File: flare.png Graphic file (type png)
 <use flare.png>
Package pdftex.def Info: flare.png used on input line 84.
(pdftex.def)             Requested size: 211.57147pt x 194.89635pt.

<2014_03_29_17_19_42_HMI_Int.png, id=246, 632.3625pt x 596.2275pt>
File: 2014_03_29_17_19_42_HMI_Int.png Graphic file (type png)

<use 2014_03_29_17_19_42_HMI_Int.png>
Package pdftex.def Info: 2014_03_29_17_19_42_HMI_Int.png used on input line 98.

(pdftex.def)             Requested size: 105.78574pt x 99.73795pt.

<2014_03_29_17_19_42_AIA_304.png, id=247, 632.3625pt x 596.2275pt>
File: 2014_03_29_17_19_42_AIA_304.png Graphic file (type png)

<use 2014_03_29_17_19_42_AIA_304.png>
Package pdftex.def Info: 2014_03_29_17_19_42_AIA_304.png used on input line 99.

(pdftex.def)             Requested size: 105.78574pt x 99.73795pt.

<2014_03_29_17_19_42_AIA_171.png, id=248, 632.3625pt x 596.2275pt>
File: 2014_03_29_17_19_42_AIA_171.png Graphic file (type png)

<use 2014_03_29_17_19_42_AIA_171.png>
Package pdftex.def Info: 2014_03_29_17_19_42_AIA_171.png used on input line 100
.
(pdftex.def)             Requested size: 105.78574pt x 99.73795pt.

<2014_03_29_17_19_42_AIA_193.png, id=249, 632.3625pt x 596.2275pt>
File: 2014_03_29_17_19_42_AIA_193.png Graphic file (type png)

<use 2014_03_29_17_19_42_AIA_193.png>
Package pdftex.def Info: 2014_03_29_17_19_42_AIA_193.png used on input line 101
.
(pdftex.def)             Requested size: 105.78574pt x 99.73795pt.

Underfull \hbox (badness 10000) in paragraph at lines 107--108

 []

[6 <./flare.png> <./2014_03_29_17_19_42_HMI_Int.png> <./2014_03_29_17_19_42_AIA
_304.png> <./2014_03_29_17_19_42_AIA_171.png> <./2014_03_29_17_19_42_AIA_193.pn
g>]
Underfull \hbox (badness 10000) in paragraph at lines 109--110

 []

<solar-atm-plot.jpg, id=269, 411.5375pt x 293.095pt>
File: solar-atm-plot.jpg Graphic file (type jpg)
 <use solar-atm-plot.jpg>
Package pdftex.def Info: solar-atm-plot.jpg used on input line 115.
(pdftex.def)             Requested size: 317.36526pt x 226.0282pt.

[7] [8 <./solar-atm-plot.jpg>] [9]) [10]
\openout2 = `projectupgrd.aux'.

 (./projectupgrd.tex

Package hyperref Warning: Token not allowed in a PDF string (PDFDocEncoding):
(hyperref)                removing `\\' on input line 1.


Underfull \hbox (badness 10000) in paragraph at lines 9--10

 []

<count-flux-v-time-crop.pdf, id=346, 565.11125pt x 735.74875pt>
File: count-flux-v-time-crop.pdf Graphic file (type pdf)

<use count-flux-v-time-crop.pdf>
Package pdftex.def Info: count-flux-v-time-crop.pdf used on input line 21.
(pdftex.def)             Requested size: 370.2541pt x 482.0593pt.
 [11


]
Underfull \hbox (badness 10000) in paragraph at lines 26--27

 []

[12 <./count-flux-v-time-crop.pdf>]
<saxcontours-square.png, id=363, 491.436pt x 485.815pt>
File: saxcontours-square.png Graphic file (type png)

<use saxcontours-square.png>
Package pdftex.def Info: saxcontours-square.png used on input line 30.
(pdftex.def)             Requested size: 528.93675pt x 522.94518pt.
 [13 <./saxcontours-square.png>]
<rhessi-energy-curve.png, id=376, 455.5419pt x 593.0958pt>
File: rhessi-energy-curve.png Graphic file (type png)

<use rhessi-energy-curve.png>
Package pdftex.def Info: rhessi-energy-curve.png used on input line 58.
(pdftex.def)             Requested size: 317.36526pt x 413.2004pt.
 [14]
Package epstopdf Info: Source file: <29-Mar-14-diff-examples.eps>
(epstopdf)                    date: 2015-10-28 15:00:42
(epstopdf)                    size: 2393120 bytes
(epstopdf)             Output file: <29-Mar-14-diff-examples-eps-converted-to.p
df>
(epstopdf)                    date: 2015-10-30 04:03:12
(epstopdf)                    size: 292416 bytes
(epstopdf)             Command: <repstopdf --outfile=29-Mar-14-diff-examples-ep
s-converted-to.pdf 29-Mar-14-diff-examples.eps>
(epstopdf)             \includegraphics on input line 69.
Package epstopdf Info: Output file is already uptodate.

<29-Mar-14-diff-examples-eps-converted-to.pdf, id=388, 437.635pt x 368.37625pt>
File: 29-Mar-14-diff-examples-eps-converted-to.pdf Graphic file (type pdf)
<use 29-Mar-14-diff-examples-eps-converted-to.pdf>
Package pdftex.def Info: 29-Mar-14-diff-examples-eps-converted-to.pdf used on i
nput line 69.
(pdftex.def)             Requested size: 423.151pt x 356.18909pt.
 [15 <./rhessi-energy-curve.png>] [16 <./29-Mar-14-diff-examples-eps-converted-
to.pdf>]
Package epstopdf Info: Source file: <29-Mar-14-SI-Ribbon-Coord-oplot.eps>
(epstopdf)                    date: 2015-10-28 15:01:22
(epstopdf)                    size: 363099 bytes
(epstopdf)             Output file: <29-Mar-14-SI-Ribbon-Coord-oplot-eps-conver
ted-to.pdf>
(epstopdf)                    date: 2015-10-30 04:03:35
(epstopdf)                    size: 113374 bytes
(epstopdf)             Command: <repstopdf --outfile=29-Mar-14-SI-Ribbon-Coord-
oplot-eps-converted-to.pdf 29-Mar-14-SI-Ribbon-Coord-oplot.eps>
(epstopdf)             \includegraphics on input line 92.
Package epstopdf Info: Output file is already uptodate.

<29-Mar-14-SI-Ribbon-Coord-oplot-eps-converted-to.pdf, id=433, 493.845pt x 237.
88875pt>
File: 29-Mar-14-SI-Ribbon-Coord-oplot-eps-converted-to.pdf Graphic file (type p
df)
 <use 29-Mar-14-SI-Ribbon-Coord-oplot-eps-converted-to.pdf>
Package pdftex.def Info: 29-Mar-14-SI-Ribbon-Coord-oplot-eps-converted-to.pdf u
sed on input line 92.
(pdftex.def)             Requested size: 423.151pt x 203.83257pt.
Package epstopdf Info: Source file: <29-Mar-14-MG-Ribbon-Coord-oplot.eps>
(epstopdf)                    date: 2015-10-28 15:00:46
(epstopdf)                    size: 371587 bytes
(epstopdf)             Output file: <29-Mar-14-MG-Ribbon-Coord-oplot-eps-conver
ted-to.pdf>
(epstopdf)                    date: 2015-10-30 04:03:14
(epstopdf)                    size: 80971 bytes
(epstopdf)             Command: <repstopdf --outfile=29-Mar-14-MG-Ribbon-Coord-
oplot-eps-converted-to.pdf 29-Mar-14-MG-Ribbon-Coord-oplot.eps>
(epstopdf)             \includegraphics on input line 99.
Package epstopdf Info: Output file is already uptodate.

<29-Mar-14-MG-Ribbon-Coord-oplot-eps-converted-to.pdf, id=434, 493.845pt x 237.
88875pt>
File: 29-Mar-14-MG-Ribbon-Coord-oplot-eps-converted-to.pdf Graphic file (type p
df)
 <use 29-Mar-14-MG-Ribbon-Coord-oplot-eps-converted-to.pdf>
Package pdftex.def Info: 29-Mar-14-MG-Ribbon-Coord-oplot-eps-converted-to.pdf u
sed on input line 99.
(pdftex.def)             Requested size: 423.151pt x 203.83257pt.
Package epstopdf Info: Source file: <29-Mar-14-MGW-Ribbon-Coord-oplot.eps>
(epstopdf)                    date: 2015-10-28 15:00:48
(epstopdf)                    size: 289389 bytes
(epstopdf)             Output file: <29-Mar-14-MGW-Ribbon-Coord-oplot-eps-conve
rted-to.pdf>
(epstopdf)                    date: 2015-10-30 04:03:16
(epstopdf)                    size: 125151 bytes
(epstopdf)             Command: <repstopdf --outfile=29-Mar-14-MGW-Ribbon-Coord
-oplot-eps-converted-to.pdf 29-Mar-14-MGW-Ribbon-Coord-oplot.eps>
(epstopdf)             \includegraphics on input line 106.
Package epstopdf Info: Output file is already uptodate.

<29-Mar-14-MGW-Ribbon-Coord-oplot-eps-converted-to.pdf, id=435, 504.88625pt x 2
37.88875pt>
File: 29-Mar-14-MGW-Ribbon-Coord-oplot-eps-converted-to.pdf Graphic file (type 
pdf)
 <use 29-Mar-14-MGW-Ribbon-Coord-oplot-eps-converted-to.pdf>
Package pdftex.def Info: 29-Mar-14-MGW-Ribbon-Coord-oplot-eps-converted-to.pdf 
used on input line 106.
(pdftex.def)             Requested size: 423.151pt x 199.3787pt.

[17 <./29-Mar-14-SI-Ribbon-Coord-oplot-eps-converted-to.pdf> <./29-Mar-14-MG-Ri
bbon-Coord-oplot-eps-converted-to.pdf>]
Package epstopdf Info: Source file: <29-Mar-14-HMI-Ribbon-Coord-oplot.eps>
(epstopdf)                    date: 2015-10-28 15:00:44
(epstopdf)                    size: 59182 bytes
(epstopdf)             Output file: <29-Mar-14-HMI-Ribbon-Coord-oplot-eps-conve
rted-to.pdf>
(epstopdf)                    date: 2015-10-30 04:03:13
(epstopdf)                    size: 36380 bytes
(epstopdf)             Command: <repstopdf --outfile=29-Mar-14-HMI-Ribbon-Coord
-oplot-eps-converted-to.pdf 29-Mar-14-HMI-Ribbon-Coord-oplot.eps>
(epstopdf)             \includegraphics on input line 113.
Package epstopdf Info: Output file is already uptodate.

<29-Mar-14-HMI-Ribbon-Coord-oplot-eps-converted-to.pdf, id=456, 493.845pt x 250
.9375pt>
File: 29-Mar-14-HMI-Ribbon-Coord-oplot-eps-converted-to.pdf Graphic file (type 
pdf)
 <use 29-Mar-14-HMI-Ribbon-Coord-oplot-eps-converted-to.pdf>
Package pdftex.def Info: 29-Mar-14-HMI-Ribbon-Coord-oplot-eps-converted-to.pdf 
used on input line 113.
(pdftex.def)             Requested size: 423.151pt x 215.01326pt.
Package epstopdf Info: Source file: <29-Mar-14-Balmer-Continuum.eps>
(epstopdf)                    date: 2015-10-28 15:00:38
(epstopdf)                    size: 18115 bytes
(epstopdf)             Output file: <29-Mar-14-Balmer-Continuum-eps-converted-t
o.pdf>
(epstopdf)                    date: 2015-10-30 04:03:11
(epstopdf)                    size: 10329 bytes
(epstopdf)             Command: <repstopdf --outfile=29-Mar-14-Balmer-Continuum
-eps-converted-to.pdf 29-Mar-14-Balmer-Continuum.eps>
(epstopdf)             \includegraphics on input line 124.
Package epstopdf Info: Output file is already uptodate.

<29-Mar-14-Balmer-Continuum-eps-converted-to.pdf, id=458, 483.8075pt x 368.3762
5pt>
File: 29-Mar-14-Balmer-Continuum-eps-converted-to.pdf Graphic file (type pdf)
 <use 29-Mar-14-Balmer-Continuum-eps-converted-to.pdf>
Package pdftex.def Info: 29-Mar-14-Balmer-Continuum-eps-converted-to.pdf used o
n input line 124.
(pdftex.def)             Requested size: 423.151pt x 322.20474pt.
 [18 <./29-Mar-14-MGW-Ribbon-Coord-oplot-eps-converted-to.pdf> <./29-Mar-14-HMI
-Ribbon-Coord-oplot-eps-converted-to.pdf>]
Package epstopdf Info: Source file: <29-Mar-14-Quake-Energy-Ladder.eps>
(epstopdf)                    date: 2015-10-29 05:16:16
(epstopdf)                    size: 31861 bytes
(epstopdf)             Output file: <29-Mar-14-Quake-Energy-Ladder-eps-converte
d-to.pdf>
(epstopdf)                    date: 2015-10-30 04:03:16
(epstopdf)                    size: 17704 bytes
(epstopdf)             Command: <repstopdf --outfile=29-Mar-14-Quake-Energy-Lad
der-eps-converted-to.pdf 29-Mar-14-Quake-Energy-Ladder.eps>
(epstopdf)             \includegraphics on input line 135.
Package epstopdf Info: Output file is already uptodate.

<29-Mar-14-Quake-Energy-Ladder-eps-converted-to.pdf, id=487, 208.78pt x 313.17p
t>
File: 29-Mar-14-Quake-Energy-Ladder-eps-converted-to.pdf Graphic file (type pdf
)
 <use 29-Mar-14-Quake-Energy-Ladder-eps-converted-to.pdf>
Package pdftex.def Info: 29-Mar-14-Quake-Energy-Ladder-eps-converted-to.pdf use
d on input line 135.
(pdftex.def)             Requested size: 317.36526pt x 476.11412pt.
 [19 <./29-Mar-14-Balmer-Continuum-eps-converted-to.pdf>] [20 <./29-Mar-14-Quak
e-Energy-Ladder-eps-converted-to.pdf>] [21] [22]) [23]
\openout2 = `appendix.aux'.

 (./appendix.tex
Package epstopdf Info: Source file: <29-Mar-14-Quake-Energy-Ladder.eps>
(epstopdf)                    date: 2015-10-29 05:16:16
(epstopdf)                    size: 31861 bytes
(epstopdf)             Output file: <29-Mar-14-Quake-Energy-Ladder-eps-converte
d-to.pdf>
(epstopdf)                    date: 2015-10-30 04:03:16
(epstopdf)                    size: 17704 bytes
(epstopdf)             Command: <repstopdf --outfile=29-Mar-14-Quake-Energy-Lad
der-eps-converted-to.pdf 29-Mar-14-Quake-Energy-Ladder.eps>
(epstopdf)             \includegraphics on input line 24.
Package epstopdf Info: Output file is already uptodate.
File: 29-Mar-14-Quake-Energy-Ladder-eps-converted-to.pdf Graphic file (type pdf
)

<use 29-Mar-14-Quake-Energy-Ladder-eps-converted-to.pdf>
Package pdftex.def Info: 29-Mar-14-Quake-Energy-Ladder-eps-converted-to.pdf use
d on input line 24.
(pdftex.def)             Requested size: 317.36526pt x 476.11412pt.
Package epstopdf Info: Source file: <29-Mar-14-Ribbon-xyPosition-517-260-Frame-
1-Energy-Ladder.eps>
(epstopdf)                    date: 2015-10-29 05:16:34
(epstopdf)                    size: 32005 bytes
(epstopdf)             Output file: <29-Mar-14-Ribbon-xyPosition-517-260-Frame-
1-Energy-Ladder-eps-converted-to.pdf>
(epstopdf)                    date: 2015-10-30 04:03:27
(epstopdf)                    size: 18594 bytes
(epstopdf)             Command: <repstopdf --outfile=29-Mar-14-Ribbon-xyPositio
n-517-260-Frame-1-Energy-Ladder-eps-converted-to.pdf 29-Mar-14-Ribbon-xyPositio
n-517-260-Frame-1-Energy-Ladder.eps>
(epstopdf)             \includegraphics on input line 32.
Package epstopdf Info: Output file is already uptodate.

<29-Mar-14-Ribbon-xyPosition-517-260-Frame-1-Energy-Ladder-eps-converted-to.pdf
, id=575, 212.795pt x 313.17pt>
File: 29-Mar-14-Ribbon-xyPosition-517-260-Frame-1-Energy-Ladder-eps-converted-t
o.pdf Graphic file (type pdf)

<use 29-Mar-14-Ribbon-xyPosition-517-260-Frame-1-Energy-Ladder-eps-converted-to
.pdf>
Package pdftex.def Info: 29-Mar-14-Ribbon-xyPosition-517-260-Frame-1-Energy-Lad
der-eps-converted-to.pdf used on input line 32.
(pdftex.def)             Requested size: 317.36526pt x 467.09215pt.
 [24


]
Package epstopdf Info: Source file: <29-Mar-14-Ribbon-xyPosition-518-261-Frame-
1-Energy-Ladder.eps>
(epstopdf)                    date: 2015-10-29 05:16:36
(epstopdf)                    size: 32888 bytes
(epstopdf)             Output file: <29-Mar-14-Ribbon-xyPosition-518-261-Frame-
1-Energy-Ladder-eps-converted-to.pdf>
(epstopdf)                    date: 2015-10-30 04:03:28
(epstopdf)                    size: 18941 bytes
(epstopdf)             Command: <repstopdf --outfile=29-Mar-14-Ribbon-xyPositio
n-518-261-Frame-1-Energy-Ladder-eps-converted-to.pdf 29-Mar-14-Ribbon-xyPositio
n-518-261-Frame-1-Energy-Ladder.eps>
(epstopdf)             \includegraphics on input line 40.
Package epstopdf Info: Output file is already uptodate.

<29-Mar-14-Ribbon-xyPosition-518-261-Frame-1-Energy-Ladder-eps-converted-to.pdf
, id=580, 212.795pt x 313.17pt>
File: 29-Mar-14-Ribbon-xyPosition-518-261-Frame-1-Energy-Ladder-eps-converted-t
o.pdf Graphic file (type pdf)

<use 29-Mar-14-Ribbon-xyPosition-518-261-Frame-1-Energy-Ladder-eps-converted-to
.pdf>
Package pdftex.def Info: 29-Mar-14-Ribbon-xyPosition-518-261-Frame-1-Energy-Lad
der-eps-converted-to.pdf used on input line 40.
(pdftex.def)             Requested size: 317.36526pt x 467.09215pt.
 [25 <./29-Mar-14-Ribbon-xyPosition-517-260-Frame-1-Energy-Ladder-eps-converted
-to.pdf>]
Package epstopdf Info: Source file: <29-Mar-14-Ribbon-xyPosition-519-261-Frame-
1-Energy-Ladder.eps>
(epstopdf)                    date: 2015-10-29 05:16:40
(epstopdf)                    size: 31456 bytes
(epstopdf)             Output file: <29-Mar-14-Ribbon-xyPosition-519-261-Frame-
1-Energy-Ladder-eps-converted-to.pdf>
(epstopdf)                    date: 2015-10-30 04:03:30
(epstopdf)                    size: 18312 bytes
(epstopdf)             Command: <repstopdf --outfile=29-Mar-14-Ribbon-xyPositio
n-519-261-Frame-1-Energy-Ladder-eps-converted-to.pdf 29-Mar-14-Ribbon-xyPositio
n-519-261-Frame-1-Energy-Ladder.eps>
(epstopdf)             \includegraphics on input line 49.
Package epstopdf Info: Output file is already uptodate.

<29-Mar-14-Ribbon-xyPosition-519-261-Frame-1-Energy-Ladder-eps-converted-to.pdf
, id=597, 212.795pt x 313.17pt>
File: 29-Mar-14-Ribbon-xyPosition-519-261-Frame-1-Energy-Ladder-eps-converted-t
o.pdf Graphic file (type pdf)

<use 29-Mar-14-Ribbon-xyPosition-519-261-Frame-1-Energy-Ladder-eps-converted-to
.pdf>
Package pdftex.def Info: 29-Mar-14-Ribbon-xyPosition-519-261-Frame-1-Energy-Lad
der-eps-converted-to.pdf used on input line 49.
(pdftex.def)             Requested size: 317.36526pt x 467.09215pt.
 [26 <./29-Mar-14-Ribbon-xyPosition-518-261-Frame-1-Energy-Ladder-eps-converted
-to.pdf>]
Package epstopdf Info: Source file: <29-Mar-14-Ribbon-xyPosition-520-262-Frame-
1-Energy-Ladder.eps>
(epstopdf)                    date: 2015-10-29 05:16:42
(epstopdf)                    size: 31113 bytes
(epstopdf)             Output file: <29-Mar-14-Ribbon-xyPosition-520-262-Frame-
1-Energy-Ladder-eps-converted-to.pdf>
(epstopdf)                    date: 2015-10-30 04:03:31
(epstopdf)                    size: 18162 bytes
(epstopdf)             Command: <repstopdf --outfile=29-Mar-14-Ribbon-xyPositio
n-520-262-Frame-1-Energy-Ladder-eps-converted-to.pdf 29-Mar-14-Ribbon-xyPositio
n-520-262-Frame-1-Energy-Ladder.eps>
(epstopdf)             \includegraphics on input line 57.
Package epstopdf Info: Output file is already uptodate.

<29-Mar-14-Ribbon-xyPosition-520-262-Frame-1-Energy-Ladder-eps-converted-to.pdf
, id=612, 212.795pt x 313.17pt>
File: 29-Mar-14-Ribbon-xyPosition-520-262-Frame-1-Energy-Ladder-eps-converted-t
o.pdf Graphic file (type pdf)

<use 29-Mar-14-Ribbon-xyPosition-520-262-Frame-1-Energy-Ladder-eps-converted-to
.pdf>
Package pdftex.def Info: 29-Mar-14-Ribbon-xyPosition-520-262-Frame-1-Energy-Lad
der-eps-converted-to.pdf used on input line 57.
(pdftex.def)             Requested size: 317.36526pt x 467.09215pt.
 [27 <./29-Mar-14-Ribbon-xyPosition-519-261-Frame-1-Energy-Ladder-eps-converted
-to.pdf>]
Package epstopdf Info: Source file: <29-Mar-14-Ribbon-xyPosition-521-262-Frame-
1-Energy-Ladder.eps>
(epstopdf)                    date: 2015-10-29 05:16:48
(epstopdf)                    size: 32909 bytes
(epstopdf)             Output file: <29-Mar-14-Ribbon-xyPosition-521-262-Frame-
1-Energy-Ladder-eps-converted-to.pdf>
(epstopdf)                    date: 2015-10-30 04:03:33
(epstopdf)                    size: 18973 bytes
(epstopdf)             Command: <repstopdf --outfile=29-Mar-14-Ribbon-xyPositio
n-521-262-Frame-1-Energy-Ladder-eps-converted-to.pdf 29-Mar-14-Ribbon-xyPositio
n-521-262-Frame-1-Energy-Ladder.eps>
(epstopdf)             \includegraphics on input line 65.
Package epstopdf Info: Output file is already uptodate.

<29-Mar-14-Ribbon-xyPosition-521-262-Frame-1-Energy-Ladder-eps-converted-to.pdf
, id=627, 212.795pt x 313.17pt>
File: 29-Mar-14-Ribbon-xyPosition-521-262-Frame-1-Energy-Ladder-eps-converted-t
o.pdf Graphic file (type pdf)

<use 29-Mar-14-Ribbon-xyPosition-521-262-Frame-1-Energy-Ladder-eps-converted-to
.pdf>
Package pdftex.def Info: 29-Mar-14-Ribbon-xyPosition-521-262-Frame-1-Energy-Lad
der-eps-converted-to.pdf used on input line 65.
(pdftex.def)             Requested size: 317.36526pt x 467.09215pt.
 [28 <./29-Mar-14-Ribbon-xyPosition-520-262-Frame-1-Energy-Ladder-eps-converted
-to.pdf>]
Package epstopdf Info: Source file: <29-Mar-14-Ribbon-xyPosition-500-262-Frame-
1-Energy-Ladder.eps>
(epstopdf)                    date: 2015-10-29 05:16:20
(epstopdf)                    size: 32965 bytes
(epstopdf)             Output file: <29-Mar-14-Ribbon-xyPosition-500-262-Frame-
1-Energy-Ladder-eps-converted-to.pdf>
(epstopdf)                    date: 2015-10-30 04:03:19
(epstopdf)                    size: 19118 bytes
(epstopdf)             Command: <repstopdf --outfile=29-Mar-14-Ribbon-xyPositio
n-500-262-Frame-1-Energy-Ladder-eps-converted-to.pdf 29-Mar-14-Ribbon-xyPositio
n-500-262-Frame-1-Energy-Ladder.eps>
(epstopdf)             \includegraphics on input line 73.
Package epstopdf Info: Output file is already uptodate.

<29-Mar-14-Ribbon-xyPosition-500-262-Frame-1-Energy-Ladder-eps-converted-to.pdf
, id=642, 212.795pt x 313.17pt>
File: 29-Mar-14-Ribbon-xyPosition-500-262-Frame-1-Energy-Ladder-eps-converted-t
o.pdf Graphic file (type pdf)

<use 29-Mar-14-Ribbon-xyPosition-500-262-Frame-1-Energy-Ladder-eps-converted-to
.pdf>
Package pdftex.def Info: 29-Mar-14-Ribbon-xyPosition-500-262-Frame-1-Energy-Lad
der-eps-converted-to.pdf used on input line 73.
(pdftex.def)             Requested size: 317.36526pt x 467.09215pt.
 [29 <./29-Mar-14-Ribbon-xyPosition-521-262-Frame-1-Energy-Ladder-eps-converted
-to.pdf>]
Package epstopdf Info: Source file: <29-Mar-14-Ribbon-xyPosition-503-265-Frame-
1-Energy-Ladder.eps>
(epstopdf)                    date: 2015-10-29 05:16:22
(epstopdf)                    size: 32441 bytes
(epstopdf)             Output file: <29-Mar-14-Ribbon-xyPosition-503-265-Frame-
1-Energy-Ladder-eps-converted-to.pdf>
(epstopdf)                    date: 2015-10-30 04:03:21
(epstopdf)                    size: 18719 bytes
(epstopdf)             Command: <repstopdf --outfile=29-Mar-14-Ribbon-xyPositio
n-503-265-Frame-1-Energy-Ladder-eps-converted-to.pdf 29-Mar-14-Ribbon-xyPositio
n-503-265-Frame-1-Energy-Ladder.eps>
(epstopdf)             \includegraphics on input line 81.
Package epstopdf Info: Output file is already uptodate.

<29-Mar-14-Ribbon-xyPosition-503-265-Frame-1-Energy-Ladder-eps-converted-to.pdf
, id=657, 212.795pt x 313.17pt>
File: 29-Mar-14-Ribbon-xyPosition-503-265-Frame-1-Energy-Ladder-eps-converted-t
o.pdf Graphic file (type pdf)

<use 29-Mar-14-Ribbon-xyPosition-503-265-Frame-1-Energy-Ladder-eps-converted-to
.pdf>
Package pdftex.def Info: 29-Mar-14-Ribbon-xyPosition-503-265-Frame-1-Energy-Lad
der-eps-converted-to.pdf used on input line 81.
(pdftex.def)             Requested size: 317.36526pt x 467.09215pt.
 [30 <./29-Mar-14-Ribbon-xyPosition-500-262-Frame-1-Energy-Ladder-eps-converted
-to.pdf>]
Package epstopdf Info: Source file: <29-Mar-14-Ribbon-xyPosition-506-268-Frame-
1-Energy-Ladder.eps>
(epstopdf)                    date: 2015-10-29 05:16:26
(epstopdf)                    size: 32181 bytes
(epstopdf)             Output file: <29-Mar-14-Ribbon-xyPosition-506-268-Frame-
1-Energy-Ladder-eps-converted-to.pdf>
(epstopdf)                    date: 2015-10-30 04:03:22
(epstopdf)                    size: 18630 bytes
(epstopdf)             Command: <repstopdf --outfile=29-Mar-14-Ribbon-xyPositio
n-506-268-Frame-1-Energy-Ladder-eps-converted-to.pdf 29-Mar-14-Ribbon-xyPositio
n-506-268-Frame-1-Energy-Ladder.eps>
(epstopdf)             \includegraphics on input line 89.
Package epstopdf Info: Output file is already uptodate.

<29-Mar-14-Ribbon-xyPosition-506-268-Frame-1-Energy-Ladder-eps-converted-to.pdf
, id=672, 212.795pt x 313.17pt>
File: 29-Mar-14-Ribbon-xyPosition-506-268-Frame-1-Energy-Ladder-eps-converted-t
o.pdf Graphic file (type pdf)

<use 29-Mar-14-Ribbon-xyPosition-506-268-Frame-1-Energy-Ladder-eps-converted-to
.pdf>
Package pdftex.def Info: 29-Mar-14-Ribbon-xyPosition-506-268-Frame-1-Energy-Lad
der-eps-converted-to.pdf used on input line 89.
(pdftex.def)             Requested size: 317.36526pt x 467.09215pt.
 [31 <./29-Mar-14-Ribbon-xyPosition-503-265-Frame-1-Energy-Ladder-eps-converted
-to.pdf>]
Package epstopdf Info: Source file: <29-Mar-14-Ribbon-xyPosition-509-268-Frame-
1-Energy-Ladder.eps>
(epstopdf)                    date: 2015-10-29 05:16:28
(epstopdf)                    size: 33067 bytes
(epstopdf)             Output file: <29-Mar-14-Ribbon-xyPosition-509-268-Frame-
1-Energy-Ladder-eps-converted-to.pdf>
(epstopdf)                    date: 2015-10-30 04:03:24
(epstopdf)                    size: 19115 bytes
(epstopdf)             Command: <repstopdf --outfile=29-Mar-14-Ribbon-xyPositio
n-509-268-Frame-1-Energy-Ladder-eps-converted-to.pdf 29-Mar-14-Ribbon-xyPositio
n-509-268-Frame-1-Energy-Ladder.eps>
(epstopdf)             \includegraphics on input line 97.
Package epstopdf Info: Output file is already uptodate.

<29-Mar-14-Ribbon-xyPosition-509-268-Frame-1-Energy-Ladder-eps-converted-to.pdf
, id=688, 212.795pt x 313.17pt>
File: 29-Mar-14-Ribbon-xyPosition-509-268-Frame-1-Energy-Ladder-eps-converted-t
o.pdf Graphic file (type pdf)

<use 29-Mar-14-Ribbon-xyPosition-509-268-Frame-1-Energy-Ladder-eps-converted-to
.pdf>
Package pdftex.def Info: 29-Mar-14-Ribbon-xyPosition-509-268-Frame-1-Energy-Lad
der-eps-converted-to.pdf used on input line 97.
(pdftex.def)             Requested size: 317.36526pt x 467.09215pt.
 [32 <./29-Mar-14-Ribbon-xyPosition-506-268-Frame-1-Energy-Ladder-eps-converted
-to.pdf>]
Package epstopdf Info: Source file: <29-Mar-14-Ribbon-xyPosition-514-270-Frame-
1-Energy-Ladder.eps>
(epstopdf)                    date: 2015-10-29 05:16:32
(epstopdf)                    size: 32752 bytes
(epstopdf)             Output file: <29-Mar-14-Ribbon-xyPosition-514-270-Frame-
1-Energy-Ladder-eps-converted-to.pdf>
(epstopdf)                    date: 2015-10-30 04:03:26
(epstopdf)                    size: 18991 bytes
(epstopdf)             Command: <repstopdf --outfile=29-Mar-14-Ribbon-xyPositio
n-514-270-Frame-1-Energy-Ladder-eps-converted-to.pdf 29-Mar-14-Ribbon-xyPositio
n-514-270-Frame-1-Energy-Ladder.eps>
(epstopdf)             \includegraphics on input line 105.
Package epstopdf Info: Output file is already uptodate.

<29-Mar-14-Ribbon-xyPosition-514-270-Frame-1-Energy-Ladder-eps-converted-to.pdf
, id=703, 212.795pt x 313.17pt>
File: 29-Mar-14-Ribbon-xyPosition-514-270-Frame-1-Energy-Ladder-eps-converted-t
o.pdf Graphic file (type pdf)

<use 29-Mar-14-Ribbon-xyPosition-514-270-Frame-1-Energy-Ladder-eps-converted-to
.pdf>
Package pdftex.def Info: 29-Mar-14-Ribbon-xyPosition-514-270-Frame-1-Energy-Lad
der-eps-converted-to.pdf used on input line 105.
(pdftex.def)             Requested size: 317.36526pt x 467.09215pt.
 [33 <./29-Mar-14-Ribbon-xyPosition-509-268-Frame-1-Energy-Ladder-eps-converted
-to.pdf>]
Package epstopdf Info: Source file: <29-Mar-14-Ribbon-xyPosition-518-259-Frame-
2-Energy-Ladder.eps>
(epstopdf)                    date: 2015-10-29 05:16:34
(epstopdf)                    size: 32613 bytes
(epstopdf)             Output file: <29-Mar-14-Ribbon-xyPosition-518-259-Frame-
2-Energy-Ladder-eps-converted-to.pdf>
(epstopdf)                    date: 2015-10-30 04:03:27
(epstopdf)                    size: 18941 bytes
(epstopdf)             Command: <repstopdf --outfile=29-Mar-14-Ribbon-xyPositio
n-518-259-Frame-2-Energy-Ladder-eps-converted-to.pdf 29-Mar-14-Ribbon-xyPositio
n-518-259-Frame-2-Energy-Ladder.eps>
(epstopdf)             \includegraphics on input line 113.
Package epstopdf Info: Output file is already uptodate.

<29-Mar-14-Ribbon-xyPosition-518-259-Frame-2-Energy-Ladder-eps-converted-to.pdf
, id=718, 212.795pt x 313.17pt>
File: 29-Mar-14-Ribbon-xyPosition-518-259-Frame-2-Energy-Ladder-eps-converted-t
o.pdf Graphic file (type pdf)

<use 29-Mar-14-Ribbon-xyPosition-518-259-Frame-2-Energy-Ladder-eps-converted-to
.pdf>
Package pdftex.def Info: 29-Mar-14-Ribbon-xyPosition-518-259-Frame-2-Energy-Lad
der-eps-converted-to.pdf used on input line 113.
(pdftex.def)             Requested size: 317.36526pt x 467.09215pt.
 [34 <./29-Mar-14-Ribbon-xyPosition-514-270-Frame-1-Energy-Ladder-eps-converted
-to.pdf>]
Package epstopdf Info: Source file: <29-Mar-14-Ribbon-xyPosition-519-259-Frame-
2-Energy-Ladder.eps>
(epstopdf)                    date: 2015-10-29 05:16:38
(epstopdf)                    size: 31957 bytes
(epstopdf)             Output file: <29-Mar-14-Ribbon-xyPosition-519-259-Frame-
2-Energy-Ladder-eps-converted-to.pdf>
(epstopdf)                    date: 2015-10-30 04:03:29
(epstopdf)                    size: 18384 bytes
(epstopdf)             Command: <repstopdf --outfile=29-Mar-14-Ribbon-xyPositio
n-519-259-Frame-2-Energy-Ladder-eps-converted-to.pdf 29-Mar-14-Ribbon-xyPositio
n-519-259-Frame-2-Energy-Ladder.eps>
(epstopdf)             \includegraphics on input line 121.
Package epstopdf Info: Output file is already uptodate.

<29-Mar-14-Ribbon-xyPosition-519-259-Frame-2-Energy-Ladder-eps-converted-to.pdf
, id=733, 212.795pt x 313.17pt>
File: 29-Mar-14-Ribbon-xyPosition-519-259-Frame-2-Energy-Ladder-eps-converted-t
o.pdf Graphic file (type pdf)

<use 29-Mar-14-Ribbon-xyPosition-519-259-Frame-2-Energy-Ladder-eps-converted-to
.pdf>
Package pdftex.def Info: 29-Mar-14-Ribbon-xyPosition-519-259-Frame-2-Energy-Lad
der-eps-converted-to.pdf used on input line 121.
(pdftex.def)             Requested size: 317.36526pt x 467.09215pt.
 [35 <./29-Mar-14-Ribbon-xyPosition-518-259-Frame-2-Energy-Ladder-eps-converted
-to.pdf>]
Package epstopdf Info: Source file: <29-Mar-14-Ribbon-xyPosition-520-259-Frame-
2-Energy-Ladder.eps>
(epstopdf)                    date: 2015-10-29 05:16:42
(epstopdf)                    size: 31674 bytes
(epstopdf)             Output file: <29-Mar-14-Ribbon-xyPosition-520-259-Frame-
2-Energy-Ladder-eps-converted-to.pdf>
(epstopdf)                    date: 2015-10-30 04:03:31
(epstopdf)                    size: 18406 bytes
(epstopdf)             Command: <repstopdf --outfile=29-Mar-14-Ribbon-xyPositio
n-520-259-Frame-2-Energy-Ladder-eps-converted-to.pdf 29-Mar-14-Ribbon-xyPositio
n-520-259-Frame-2-Energy-Ladder.eps>
(epstopdf)             \includegraphics on input line 129.
Package epstopdf Info: Output file is already uptodate.

<29-Mar-14-Ribbon-xyPosition-520-259-Frame-2-Energy-Ladder-eps-converted-to.pdf
, id=749, 212.795pt x 313.17pt>
File: 29-Mar-14-Ribbon-xyPosition-520-259-Frame-2-Energy-Ladder-eps-converted-t
o.pdf Graphic file (type pdf)

<use 29-Mar-14-Ribbon-xyPosition-520-259-Frame-2-Energy-Ladder-eps-converted-to
.pdf>
Package pdftex.def Info: 29-Mar-14-Ribbon-xyPosition-520-259-Frame-2-Energy-Lad
der-eps-converted-to.pdf used on input line 129.
(pdftex.def)             Requested size: 317.36526pt x 467.09215pt.
 [36 <./29-Mar-14-Ribbon-xyPosition-519-259-Frame-2-Energy-Ladder-eps-converted
-to.pdf>]
Package epstopdf Info: Source file: <29-Mar-14-Ribbon-xyPosition-521-259-Frame-
2-Energy-Ladder.eps>
(epstopdf)                    date: 2015-10-29 05:16:46
(epstopdf)                    size: 31590 bytes
(epstopdf)             Output file: <29-Mar-14-Ribbon-xyPosition-521-259-Frame-
2-Energy-Ladder-eps-converted-to.pdf>
(epstopdf)                    date: 2015-10-30 04:03:32
(epstopdf)                    size: 18094 bytes
(epstopdf)             Command: <repstopdf --outfile=29-Mar-14-Ribbon-xyPositio
n-521-259-Frame-2-Energy-Ladder-eps-converted-to.pdf 29-Mar-14-Ribbon-xyPositio
n-521-259-Frame-2-Energy-Ladder.eps>
(epstopdf)             \includegraphics on input line 137.
Package epstopdf Info: Output file is already uptodate.

<29-Mar-14-Ribbon-xyPosition-521-259-Frame-2-Energy-Ladder-eps-converted-to.pdf
, id=764, 212.795pt x 313.17pt>
File: 29-Mar-14-Ribbon-xyPosition-521-259-Frame-2-Energy-Ladder-eps-converted-t
o.pdf Graphic file (type pdf)

<use 29-Mar-14-Ribbon-xyPosition-521-259-Frame-2-Energy-Ladder-eps-converted-to
.pdf>
Package pdftex.def Info: 29-Mar-14-Ribbon-xyPosition-521-259-Frame-2-Energy-Lad
der-eps-converted-to.pdf used on input line 137.
(pdftex.def)             Requested size: 317.36526pt x 467.09215pt.
 [37 <./29-Mar-14-Ribbon-xyPosition-520-259-Frame-2-Energy-Ladder-eps-converted
-to.pdf>]
Package epstopdf Info: Source file: <29-Mar-14-Ribbon-xyPosition-524-259-Frame-
2-Energy-Ladder.eps>
(epstopdf)                    date: 2015-10-29 05:16:48
(epstopdf)                    size: 32230 bytes
(epstopdf)             Output file: <29-Mar-14-Ribbon-xyPosition-524-259-Frame-
2-Energy-Ladder-eps-converted-to.pdf>
(epstopdf)                    date: 2015-10-30 04:03:34
(epstopdf)                    size: 18489 bytes
(epstopdf)             Command: <repstopdf --outfile=29-Mar-14-Ribbon-xyPositio
n-524-259-Frame-2-Energy-Ladder-eps-converted-to.pdf 29-Mar-14-Ribbon-xyPositio
n-524-259-Frame-2-Energy-Ladder.eps>
(epstopdf)             \includegraphics on input line 145.
Package epstopdf Info: Output file is already uptodate.

<29-Mar-14-Ribbon-xyPosition-524-259-Frame-2-Energy-Ladder-eps-converted-to.pdf
, id=780, 212.795pt x 313.17pt>
File: 29-Mar-14-Ribbon-xyPosition-524-259-Frame-2-Energy-Ladder-eps-converted-t
o.pdf Graphic file (type pdf)

<use 29-Mar-14-Ribbon-xyPosition-524-259-Frame-2-Energy-Ladder-eps-converted-to
.pdf>
Package pdftex.def Info: 29-Mar-14-Ribbon-xyPosition-524-259-Frame-2-Energy-Lad
der-eps-converted-to.pdf used on input line 145.
(pdftex.def)             Requested size: 317.36526pt x 467.09215pt.
 [38 <./29-Mar-14-Ribbon-xyPosition-521-259-Frame-2-Energy-Ladder-eps-converted
-to.pdf>]
Package epstopdf Info: Source file: <29-Mar-14-Ribbon-xyPosition-499-264-Frame-
2-Energy-Ladder.eps>
(epstopdf)                    date: 2015-10-29 05:16:18
(epstopdf)                    size: 32671 bytes
(epstopdf)             Output file: <29-Mar-14-Ribbon-xyPosition-499-264-Frame-
2-Energy-Ladder-eps-converted-to.pdf>
(epstopdf)                    date: 2015-10-30 04:03:18
(epstopdf)                    size: 18920 bytes
(epstopdf)             Command: <repstopdf --outfile=29-Mar-14-Ribbon-xyPositio
n-499-264-Frame-2-Energy-Ladder-eps-converted-to.pdf 29-Mar-14-Ribbon-xyPositio
n-499-264-Frame-2-Energy-Ladder.eps>
(epstopdf)             \includegraphics on input line 153.
Package epstopdf Info: Output file is already uptodate.

<29-Mar-14-Ribbon-xyPosition-499-264-Frame-2-Energy-Ladder-eps-converted-to.pdf
, id=795, 212.795pt x 313.17pt>
File: 29-Mar-14-Ribbon-xyPosition-499-264-Frame-2-Energy-Ladder-eps-converted-t
o.pdf Graphic file (type pdf)

<use 29-Mar-14-Ribbon-xyPosition-499-264-Frame-2-Energy-Ladder-eps-converted-to
.pdf>
Package pdftex.def Info: 29-Mar-14-Ribbon-xyPosition-499-264-Frame-2-Energy-Lad
der-eps-converted-to.pdf used on input line 153.
(pdftex.def)             Requested size: 317.36526pt x 467.09215pt.
 [39 <./29-Mar-14-Ribbon-xyPosition-524-259-Frame-2-Energy-Ladder-eps-converted
-to.pdf>]
Package epstopdf Info: Source file: <29-Mar-14-Ribbon-xyPosition-502-263-Frame-
2-Energy-Ladder.eps>
(epstopdf)                    date: 2015-10-29 05:16:22
(epstopdf)                    size: 31691 bytes
(epstopdf)             Output file: <29-Mar-14-Ribbon-xyPosition-502-263-Frame-
2-Energy-Ladder-eps-converted-to.pdf>
(epstopdf)                    date: 2015-10-30 04:03:20
(epstopdf)                    size: 18227 bytes
(epstopdf)             Command: <repstopdf --outfile=29-Mar-14-Ribbon-xyPositio
n-502-263-Frame-2-Energy-Ladder-eps-converted-to.pdf 29-Mar-14-Ribbon-xyPositio
n-502-263-Frame-2-Energy-Ladder.eps>
(epstopdf)             \includegraphics on input line 161.
Package epstopdf Info: Output file is already uptodate.

<29-Mar-14-Ribbon-xyPosition-502-263-Frame-2-Energy-Ladder-eps-converted-to.pdf
, id=810, 208.78pt x 313.17pt>
File: 29-Mar-14-Ribbon-xyPosition-502-263-Frame-2-Energy-Ladder-eps-converted-t
o.pdf Graphic file (type pdf)

<use 29-Mar-14-Ribbon-xyPosition-502-263-Frame-2-Energy-Ladder-eps-converted-to
.pdf>
Package pdftex.def Info: 29-Mar-14-Ribbon-xyPosition-502-263-Frame-2-Energy-Lad
der-eps-converted-to.pdf used on input line 161.
(pdftex.def)             Requested size: 317.36526pt x 476.11412pt.
 [40 <./29-Mar-14-Ribbon-xyPosition-499-264-Frame-2-Energy-Ladder-eps-converted
-to.pdf>]
Package epstopdf Info: Source file: <29-Mar-14-Ribbon-xyPosition-504-267-Frame-
2-Energy-Ladder.eps>
(epstopdf)                    date: 2015-10-29 05:16:24
(epstopdf)                    size: 32252 bytes
(epstopdf)             Output file: <29-Mar-14-Ribbon-xyPosition-504-267-Frame-
2-Energy-Ladder-eps-converted-to.pdf>
(epstopdf)                    date: 2015-10-30 04:03:22
(epstopdf)                    size: 18481 bytes
(epstopdf)             Command: <repstopdf --outfile=29-Mar-14-Ribbon-xyPositio
n-504-267-Frame-2-Energy-Ladder-eps-converted-to.pdf 29-Mar-14-Ribbon-xyPositio
n-504-267-Frame-2-Energy-Ladder.eps>
(epstopdf)             \includegraphics on input line 169.
Package epstopdf Info: Output file is already uptodate.

<29-Mar-14-Ribbon-xyPosition-504-267-Frame-2-Energy-Ladder-eps-converted-to.pdf
, id=825, 208.78pt x 313.17pt>
File: 29-Mar-14-Ribbon-xyPosition-504-267-Frame-2-Energy-Ladder-eps-converted-t
o.pdf Graphic file (type pdf)

<use 29-Mar-14-Ribbon-xyPosition-504-267-Frame-2-Energy-Ladder-eps-converted-to
.pdf>
Package pdftex.def Info: 29-Mar-14-Ribbon-xyPosition-504-267-Frame-2-Energy-Lad
der-eps-converted-to.pdf used on input line 169.
(pdftex.def)             Requested size: 317.36526pt x 476.11412pt.
 [41 <./29-Mar-14-Ribbon-xyPosition-502-263-Frame-2-Energy-Ladder-eps-converted
-to.pdf>]
Package epstopdf Info: Source file: <29-Mar-14-Ribbon-xyPosition-508-269-Frame-
2-Energy-Ladder.eps>
(epstopdf)                    date: 2015-10-29 05:16:28
(epstopdf)                    size: 32447 bytes
(epstopdf)             Output file: <29-Mar-14-Ribbon-xyPosition-508-269-Frame-
2-Energy-Ladder-eps-converted-to.pdf>
(epstopdf)                    date: 2015-10-30 04:03:23
(epstopdf)                    size: 18845 bytes
(epstopdf)             Command: <repstopdf --outfile=29-Mar-14-Ribbon-xyPositio
n-508-269-Frame-2-Energy-Ladder-eps-converted-to.pdf 29-Mar-14-Ribbon-xyPositio
n-508-269-Frame-2-Energy-Ladder.eps>
(epstopdf)             \includegraphics on input line 177.
Package epstopdf Info: Output file is already uptodate.

<29-Mar-14-Ribbon-xyPosition-508-269-Frame-2-Energy-Ladder-eps-converted-to.pdf
, id=840, 212.795pt x 313.17pt>
File: 29-Mar-14-Ribbon-xyPosition-508-269-Frame-2-Energy-Ladder-eps-converted-t
o.pdf Graphic file (type pdf)

<use 29-Mar-14-Ribbon-xyPosition-508-269-Frame-2-Energy-Ladder-eps-converted-to
.pdf>
Package pdftex.def Info: 29-Mar-14-Ribbon-xyPosition-508-269-Frame-2-Energy-Lad
der-eps-converted-to.pdf used on input line 177.
(pdftex.def)             Requested size: 317.36526pt x 467.09215pt.
 [42 <./29-Mar-14-Ribbon-xyPosition-504-267-Frame-2-Energy-Ladder-eps-converted
-to.pdf>]
Package epstopdf Info: Source file: <29-Mar-14-Ribbon-xyPosition-511-272-Frame-
2-Energy-Ladder.eps>
(epstopdf)                    date: 2015-10-29 05:16:30
(epstopdf)                    size: 31555 bytes
(epstopdf)             Output file: <29-Mar-14-Ribbon-xyPosition-511-272-Frame-
2-Energy-Ladder-eps-converted-to.pdf>
(epstopdf)                    date: 2015-10-30 04:03:25
(epstopdf)                    size: 18346 bytes
(epstopdf)             Command: <repstopdf --outfile=29-Mar-14-Ribbon-xyPositio
n-511-272-Frame-2-Energy-Ladder-eps-converted-to.pdf 29-Mar-14-Ribbon-xyPositio
n-511-272-Frame-2-Energy-Ladder.eps>
(epstopdf)             \includegraphics on input line 185.
Package epstopdf Info: Output file is already uptodate.

<29-Mar-14-Ribbon-xyPosition-511-272-Frame-2-Energy-Ladder-eps-converted-to.pdf
, id=855, 208.78pt x 313.17pt>
File: 29-Mar-14-Ribbon-xyPosition-511-272-Frame-2-Energy-Ladder-eps-converted-t
o.pdf Graphic file (type pdf)

<use 29-Mar-14-Ribbon-xyPosition-511-272-Frame-2-Energy-Ladder-eps-converted-to
.pdf>
Package pdftex.def Info: 29-Mar-14-Ribbon-xyPosition-511-272-Frame-2-Energy-Lad
der-eps-converted-to.pdf used on input line 185.
(pdftex.def)             Requested size: 317.36526pt x 476.11412pt.
 [43 <./29-Mar-14-Ribbon-xyPosition-508-269-Frame-2-Energy-Ladder-eps-converted
-to.pdf>]
Overfull \hbox (2.72174pt too wide) in paragraph at lines 213--219
 [][] 
 []


LaTeX Warning: `h' float specifier changed to `ht'.

) [44 <./29-Mar-14-Ribbon-xyPosition-511-272-Frame-2-Energy-Ladder-eps-converte
d-to.pdf>] [45] (./upgrade-report.bbl [46

])
Package atveryend Info: Empty hook `BeforeClearDocument' on input line 59.
 [47]
Package atveryend Info: Empty hook `AfterLastShipout' on input line 59.
 (./upgrade-report.aux
(./sunquakes-intro.aux) (./projectupgrd.aux) (./appendix.aux))
Package atveryend Info: Executing hook `AtVeryEndDocument' on input line 59.
Package atveryend Info: Executing hook `AtEndAfterFileList' on input line 59.
Package rerunfilecheck Info: File `upgrade-report.out' has not changed.
(rerunfilecheck)             Checksum: D05CFEC081D6BB121299C535F444F0BB;1271.


LaTeX Warning: There were multiply-defined labels.

Package atveryend Info: Empty hook `AtVeryVeryEnd' on input line 59.
 ) 
Here is how much of TeX's memory you used:
 9040 strings out of 493109
 144349 string characters out of 6135011
 258175 words of memory out of 5000000
 12198 multiletter control sequences out of 15000+600000
 11986 words of font info for 43 fonts, out of 8000000 for 9000
 1141 hyphenation exceptions out of 8191
 36i,12n,43p,2335b,468s stack positions out of 5000i,500n,10000p,200000b,80000s
</usr/local/texlive/2014/texmf-dist/fonts/type1/public/amsfonts/cm/cmbx10.pfb
></usr/local/texlive/2014/texmf-dist/fonts/type1/public/amsfonts/cm/cmbx12.pfb>
</usr/local/texlive/2014/texmf-dist/fonts/type1/public/amsfonts/cm/cmbx8.pfb></
usr/local/texlive/2014/texmf-dist/fonts/type1/public/amsfonts/cm/cmex10.pfb></u
sr/local/texlive/2014/texmf-dist/fonts/type1/public/amsfonts/cm/cmmi10.pfb></us
r/local/texlive/2014/texmf-dist/fonts/type1/public/amsfonts/cm/cmmi5.pfb></usr/
local/texlive/2014/texmf-dist/fonts/type1/public/amsfonts/cm/cmmi6.pfb></usr/lo
cal/texlive/2014/texmf-dist/fonts/type1/public/amsfonts/cm/cmmi8.pfb></usr/loca
l/texlive/2014/texmf-dist/fonts/type1/public/amsfonts/cm/cmr10.pfb></usr/local/
texlive/2014/texmf-dist/fonts/type1/public/amsfonts/cm/cmr12.pfb></usr/local/te
xlive/2014/texmf-dist/fonts/type1/public/amsfonts/cm/cmr17.pfb></usr/local/texl
ive/2014/texmf-dist/fonts/type1/public/amsfonts/cm/cmr6.pfb></usr/local/texlive
/2014/texmf-dist/fonts/type1/public/amsfonts/cm/cmr8.pfb></usr/local/texlive/20
14/texmf-dist/fonts/type1/public/amsfonts/cm/cmsy10.pfb></usr/local/texlive/201
4/texmf-dist/fonts/type1/public/amsfonts/cm/cmsy6.pfb></usr/local/texlive/2014/
texmf-dist/fonts/type1/public/amsfonts/cm/cmsy8.pfb></usr/local/texlive/2014/te
xmf-dist/fonts/type1/public/amsfonts/cm/cmti10.pfb></usr/local/texlive/2014/tex
mf-dist/fonts/type1/public/amsfonts/cm/cmtt10.pfb>
Output written on upgrade-report.pdf (47 pages, 2842327 bytes).
PDF statistics:
 995 PDF objects out of 1000 (max. 8388607)
 764 compressed objects within 8 object streams
 155 named destinations out of 1000 (max. 500000)
 335 words of extra memory for PDF output out of 10000 (max. 10000000)

